{"G:\\Janani\\Tasks\\CCSProject\\server.js":{"path":"G:\\Janani\\Tasks\\CCSProject\\server.js","s":{"1":1,"2":1,"3":1,"4":1,"5":1,"6":1,"7":1},"b":{"1":[1,1]},"f":{"1":1},"fnMap":{"1":{"name":"(anonymous_1)","line":7,"loc":{"start":{"line":7,"column":30},"end":{"line":7,"column":42}}}},"statementMap":{"1":{"start":{"line":1,"column":0},"end":{"line":1,"column":61}},"2":{"start":{"line":3,"column":0},"end":{"line":3,"column":42}},"3":{"start":{"line":5,"column":0},"end":{"line":5,"column":20}},"4":{"start":{"line":7,"column":0},"end":{"line":10,"column":3}},"5":{"start":{"line":8,"column":4},"end":{"line":8,"column":37}},"6":{"start":{"line":9,"column":4},"end":{"line":9,"column":46}},"7":{"start":{"line":12,"column":0},"end":{"line":15,"column":2}}},"branchMap":{"1":{"line":1,"type":"binary-expr","locations":[{"start":{"line":1,"column":23},"end":{"line":1,"column":43}},{"start":{"line":1,"column":47},"end":{"line":1,"column":60}}]}}},"G:\\Janani\\Tasks\\CCSProject\\config\\express.js":{"path":"G:\\Janani\\Tasks\\CCSProject\\config\\express.js","s":{"1":1,"2":1,"3":1,"4":1,"5":1,"6":1,"7":1,"8":1,"9":1,"10":1,"11":63,"12":63,"13":63,"14":1,"15":1,"16":1,"17":1,"18":1,"19":63,"20":63,"21":63,"22":63,"23":1,"24":1,"25":1,"26":1,"27":1,"28":1,"29":1,"30":1,"31":1,"32":1,"33":1,"34":1,"35":1,"36":1,"37":1,"38":1,"39":1},"b":{"1":[1,0]},"f":{"1":1,"2":63,"3":63},"fnMap":{"1":{"name":"(anonymous_1)","line":12,"loc":{"start":{"line":12,"column":17},"end":{"line":12,"column":28}}},"2":{"name":"(anonymous_2)","line":33,"loc":{"start":{"line":33,"column":10},"end":{"line":33,"column":35}}},"3":{"name":"(anonymous_3)","line":46,"loc":{"start":{"line":46,"column":10},"end":{"line":46,"column":35}}}},"statementMap":{"1":{"start":{"line":2,"column":0},"end":{"line":9,"column":38}},"2":{"start":{"line":12,"column":0},"end":{"line":76,"column":2}},"3":{"start":{"line":13,"column":2},"end":{"line":13,"column":22}},"4":{"start":{"line":15,"column":2},"end":{"line":17,"column":3}},"5":{"start":{"line":16,"column":4},"end":{"line":16,"column":27}},"6":{"start":{"line":19,"column":2},"end":{"line":21,"column":6}},"7":{"start":{"line":23,"column":2},"end":{"line":23,"column":29}},"8":{"start":{"line":25,"column":2},"end":{"line":25,"column":28}},"9":{"start":{"line":27,"column":2},"end":{"line":31,"column":6}},"10":{"start":{"line":33,"column":2},"end":{"line":37,"column":5}},"11":{"start":{"line":34,"column":5},"end":{"line":34,"column":67}},"12":{"start":{"line":35,"column":5},"end":{"line":35,"column":98}},"13":{"start":{"line":36,"column":5},"end":{"line":36,"column":12}},"14":{"start":{"line":39,"column":2},"end":{"line":39,"column":40}},"15":{"start":{"line":41,"column":2},"end":{"line":41,"column":33}},"16":{"start":{"line":42,"column":2},"end":{"line":42,"column":30}},"17":{"start":{"line":44,"column":2},"end":{"line":44,"column":58}},"18":{"start":{"line":46,"column":2},"end":{"line":51,"column":5}},"19":{"start":{"line":47,"column":4},"end":{"line":47,"column":66}},"20":{"start":{"line":48,"column":4},"end":{"line":48,"column":97}},"21":{"start":{"line":49,"column":4},"end":{"line":49,"column":85}},"22":{"start":{"line":50,"column":4},"end":{"line":50,"column":11}},"23":{"start":{"line":53,"column":2},"end":{"line":53,"column":38}},"24":{"start":{"line":55,"column":2},"end":{"line":55,"column":58}},"25":{"start":{"line":56,"column":2},"end":{"line":56,"column":59}},"26":{"start":{"line":57,"column":2},"end":{"line":57,"column":65}},"27":{"start":{"line":58,"column":2},"end":{"line":58,"column":66}},"28":{"start":{"line":59,"column":2},"end":{"line":59,"column":57}},"29":{"start":{"line":60,"column":2},"end":{"line":60,"column":64}},"30":{"start":{"line":61,"column":2},"end":{"line":61,"column":56}},"31":{"start":{"line":62,"column":2},"end":{"line":62,"column":71}},"32":{"start":{"line":63,"column":2},"end":{"line":63,"column":69}},"33":{"start":{"line":64,"column":2},"end":{"line":64,"column":71}},"34":{"start":{"line":65,"column":2},"end":{"line":65,"column":57}},"35":{"start":{"line":66,"column":2},"end":{"line":66,"column":65}},"36":{"start":{"line":68,"column":2},"end":{"line":68,"column":60}},"37":{"start":{"line":72,"column":2},"end":{"line":72,"column":54}},"38":{"start":{"line":73,"column":2},"end":{"line":73,"column":52}},"39":{"start":{"line":75,"column":2},"end":{"line":75,"column":13}}},"branchMap":{"1":{"line":15,"type":"if","locations":[{"start":{"line":15,"column":2},"end":{"line":15,"column":2}},{"start":{"line":15,"column":2},"end":{"line":15,"column":2}}]}}},"G:\\Janani\\Tasks\\CCSProject\\config\\config.js":{"path":"G:\\Janani\\Tasks\\CCSProject\\config\\config.js","s":{"1":1},"b":{},"f":{},"fnMap":{},"statementMap":{"1":{"start":{"line":1,"column":0},"end":{"line":1,"column":66}}},"branchMap":{}},"G:\\Janani\\Tasks\\CCSProject\\config\\env\\development.js":{"path":"G:\\Janani\\Tasks\\CCSProject\\config\\env\\development.js","s":{"1":1},"b":{},"f":{},"fnMap":{},"statementMap":{"1":{"start":{"line":1,"column":0},"end":{"line":3,"column":2}}},"branchMap":{}},"G:\\Janani\\Tasks\\CCSProject\\routes\\project.home.server.routes.js":{"path":"G:\\Janani\\Tasks\\CCSProject\\routes\\project.home.server.routes.js","s":{"1":1,"2":1,"3":1,"4":1,"5":1,"6":1,"7":1},"b":{},"f":{"1":1},"fnMap":{"1":{"name":"(anonymous_1)","line":2,"loc":{"start":{"line":2,"column":17},"end":{"line":2,"column":31}}}},"statementMap":{"1":{"start":{"line":2,"column":0},"end":{"line":11,"column":2}},"2":{"start":{"line":3,"column":2},"end":{"line":3,"column":73}},"3":{"start":{"line":6,"column":2},"end":{"line":6,"column":29}},"4":{"start":{"line":7,"column":2},"end":{"line":7,"column":49}},"5":{"start":{"line":8,"column":2},"end":{"line":8,"column":39}},"6":{"start":{"line":9,"column":2},"end":{"line":9,"column":39}},"7":{"start":{"line":10,"column":2},"end":{"line":10,"column":46}}},"branchMap":{}},"G:\\Janani\\Tasks\\CCSProject\\controllers\\project.home.server.controller.js":{"path":"G:\\Janani\\Tasks\\CCSProject\\controllers\\project.home.server.controller.js","s":{"1":1,"2":1,"3":1,"4":0,"5":0,"6":0,"7":0,"8":1,"9":0,"10":0,"11":0,"12":0,"13":1,"14":0,"15":0,"16":0,"17":0,"18":1,"19":0,"20":0,"21":0,"22":0,"23":1,"24":0,"25":0,"26":0,"27":0,"28":0},"b":{"1":[0,0],"2":[0,0],"3":[0,0],"4":[0,0],"5":[0,0]},"f":{"1":0,"2":0,"3":0,"4":0,"5":0,"6":0,"7":0,"8":0,"9":0,"10":0},"fnMap":{"1":{"name":"(anonymous_1)","line":8,"loc":{"start":{"line":8,"column":15},"end":{"line":8,"column":34}}},"2":{"name":"(anonymous_2)","line":9,"loc":{"start":{"line":9,"column":74},"end":{"line":9,"column":95}}},"3":{"name":"(anonymous_3)","line":21,"loc":{"start":{"line":21,"column":25},"end":{"line":21,"column":44}}},"4":{"name":"(anonymous_4)","line":22,"loc":{"start":{"line":22,"column":50},"end":{"line":22,"column":71}}},"5":{"name":"(anonymous_5)","line":33,"loc":{"start":{"line":33,"column":20},"end":{"line":33,"column":39}}},"6":{"name":"(anonymous_6)","line":34,"loc":{"start":{"line":34,"column":54},"end":{"line":34,"column":75}}},"7":{"name":"(anonymous_7)","line":46,"loc":{"start":{"line":46,"column":20},"end":{"line":46,"column":39}}},"8":{"name":"(anonymous_8)","line":47,"loc":{"start":{"line":47,"column":85},"end":{"line":47,"column":106}}},"9":{"name":"(anonymous_9)","line":59,"loc":{"start":{"line":59,"column":23},"end":{"line":59,"column":42}}},"10":{"name":"(anonymous_10)","line":61,"loc":{"start":{"line":61,"column":184},"end":{"line":61,"column":205}}}},"statementMap":{"1":{"start":{"line":2,"column":0},"end":{"line":4,"column":33}},"2":{"start":{"line":6,"column":0},"end":{"line":6,"column":44}},"3":{"start":{"line":8,"column":0},"end":{"line":18,"column":2}},"4":{"start":{"line":9,"column":2},"end":{"line":17,"column":5}},"5":{"start":{"line":11,"column":4},"end":{"line":16,"column":5}},"6":{"start":{"line":14,"column":6},"end":{"line":14,"column":26}},"7":{"start":{"line":15,"column":6},"end":{"line":15,"column":23}},"8":{"start":{"line":21,"column":0},"end":{"line":31,"column":2}},"9":{"start":{"line":22,"column":2},"end":{"line":30,"column":5}},"10":{"start":{"line":24,"column":4},"end":{"line":29,"column":5}},"11":{"start":{"line":27,"column":6},"end":{"line":27,"column":26}},"12":{"start":{"line":28,"column":6},"end":{"line":28,"column":23}},"13":{"start":{"line":33,"column":0},"end":{"line":44,"column":2}},"14":{"start":{"line":34,"column":2},"end":{"line":43,"column":5}},"15":{"start":{"line":36,"column":4},"end":{"line":42,"column":5}},"16":{"start":{"line":39,"column":6},"end":{"line":39,"column":26}},"17":{"start":{"line":41,"column":6},"end":{"line":41,"column":23}},"18":{"start":{"line":46,"column":0},"end":{"line":57,"column":2}},"19":{"start":{"line":47,"column":2},"end":{"line":56,"column":5}},"20":{"start":{"line":49,"column":4},"end":{"line":55,"column":5}},"21":{"start":{"line":52,"column":6},"end":{"line":52,"column":26}},"22":{"start":{"line":53,"column":6},"end":{"line":53,"column":23}},"23":{"start":{"line":59,"column":0},"end":{"line":71,"column":2}},"24":{"start":{"line":60,"column":2},"end":{"line":60,"column":23}},"25":{"start":{"line":61,"column":2},"end":{"line":70,"column":5}},"26":{"start":{"line":63,"column":4},"end":{"line":68,"column":5}},"27":{"start":{"line":66,"column":6},"end":{"line":66,"column":26}},"28":{"start":{"line":67,"column":6},"end":{"line":67,"column":23}}},"branchMap":{"1":{"line":11,"type":"if","locations":[{"start":{"line":11,"column":4},"end":{"line":11,"column":4}},{"start":{"line":11,"column":4},"end":{"line":11,"column":4}}]},"2":{"line":24,"type":"if","locations":[{"start":{"line":24,"column":4},"end":{"line":24,"column":4}},{"start":{"line":24,"column":4},"end":{"line":24,"column":4}}]},"3":{"line":36,"type":"if","locations":[{"start":{"line":36,"column":4},"end":{"line":36,"column":4}},{"start":{"line":36,"column":4},"end":{"line":36,"column":4}}]},"4":{"line":49,"type":"if","locations":[{"start":{"line":49,"column":4},"end":{"line":49,"column":4}},{"start":{"line":49,"column":4},"end":{"line":49,"column":4}}]},"5":{"line":63,"type":"if","locations":[{"start":{"line":63,"column":4},"end":{"line":63,"column":4}},{"start":{"line":63,"column":4},"end":{"line":63,"column":4}}]}}},"G:\\Janani\\Tasks\\CCSProject\\config\\db.js":{"path":"G:\\Janani\\Tasks\\CCSProject\\config\\db.js","s":{"1":1},"b":{},"f":{},"fnMap":{},"statementMap":{"1":{"start":{"line":1,"column":0},"end":{"line":6,"column":2}}},"branchMap":{}},"G:\\Janani\\Tasks\\CCSProject\\routes\\profile.login.server.routes.js":{"path":"G:\\Janani\\Tasks\\CCSProject\\routes\\profile.login.server.routes.js","s":{"1":1,"2":1,"3":1},"b":{},"f":{"1":1},"fnMap":{"1":{"name":"(anonymous_1)","line":5,"loc":{"start":{"line":5,"column":17},"end":{"line":5,"column":31}}}},"statementMap":{"1":{"start":{"line":5,"column":0},"end":{"line":14,"column":2}},"2":{"start":{"line":6,"column":2},"end":{"line":6,"column":72}},"3":{"start":{"line":10,"column":2},"end":{"line":10,"column":25}}},"branchMap":{}},"G:\\Janani\\Tasks\\CCSProject\\controllers\\profile.login.server.controller.js":{"path":"G:\\Janani\\Tasks\\CCSProject\\controllers\\profile.login.server.controller.js","s":{"1":1,"2":1,"3":1,"4":1,"5":1,"6":1,"7":1,"8":1,"9":1,"10":1,"11":1,"12":59,"13":1,"14":1,"15":1,"16":1,"17":1,"18":1,"19":0,"20":0,"21":0,"22":0,"23":0,"24":1,"25":1,"26":1,"27":1,"28":1,"29":0,"30":0,"31":1,"32":1,"33":1,"34":1,"35":1},"b":{"1":[1,0],"2":[1,1],"3":[0,0],"4":[0,0],"5":[1,0],"6":[1,1]},"f":{"1":1,"2":59,"3":1,"4":1,"5":0,"6":0,"7":1,"8":1,"9":0},"fnMap":{"1":{"name":"(anonymous_1)","line":21,"loc":{"start":{"line":21,"column":23},"end":{"line":21,"column":44}}},"2":{"name":"(anonymous_2)","line":25,"loc":{"start":{"line":25,"column":25},"end":{"line":25,"column":46}}},"3":{"name":"(anonymous_3)","line":36,"loc":{"start":{"line":36,"column":4},"end":{"line":36,"column":59}}},"4":{"name":"(anonymous_4)","line":38,"loc":{"start":{"line":38,"column":18},"end":{"line":38,"column":36}}},"5":{"name":"(anonymous_5)","line":54,"loc":{"start":{"line":54,"column":4},"end":{"line":54,"column":59}}},"6":{"name":"(anonymous_6)","line":56,"loc":{"start":{"line":56,"column":18},"end":{"line":56,"column":36}}},"7":{"name":"(anonymous_7)","line":68,"loc":{"start":{"line":68,"column":26},"end":{"line":68,"column":44}}},"8":{"name":"(anonymous_8)","line":70,"loc":{"start":{"line":70,"column":14},"end":{"line":70,"column":32}}},"9":{"name":"(anonymous_9)","line":77,"loc":{"start":{"line":77,"column":10},"end":{"line":77,"column":27}}}},"statementMap":{"1":{"start":{"line":5,"column":0},"end":{"line":5,"column":35}},"2":{"start":{"line":7,"column":0},"end":{"line":7,"column":33}},"3":{"start":{"line":9,"column":0},"end":{"line":9,"column":43}},"4":{"start":{"line":11,"column":0},"end":{"line":11,"column":61}},"5":{"start":{"line":13,"column":0},"end":{"line":13,"column":64}},"6":{"start":{"line":15,"column":0},"end":{"line":15,"column":56}},"7":{"start":{"line":17,"column":0},"end":{"line":17,"column":70}},"8":{"start":{"line":19,"column":0},"end":{"line":19,"column":30}},"9":{"start":{"line":21,"column":0},"end":{"line":23,"column":3}},"10":{"start":{"line":22,"column":2},"end":{"line":22,"column":19}},"11":{"start":{"line":25,"column":0},"end":{"line":27,"column":3}},"12":{"start":{"line":26,"column":2},"end":{"line":26,"column":19}},"13":{"start":{"line":29,"column":0},"end":{"line":46,"column":3}},"14":{"start":{"line":37,"column":6},"end":{"line":43,"column":15}},"15":{"start":{"line":39,"column":14},"end":{"line":42,"column":15}},"16":{"start":{"line":40,"column":16},"end":{"line":40,"column":46}},"17":{"start":{"line":41,"column":16},"end":{"line":41,"column":43}},"18":{"start":{"line":48,"column":0},"end":{"line":66,"column":3}},"19":{"start":{"line":55,"column":6},"end":{"line":63,"column":15}},"20":{"start":{"line":57,"column":14},"end":{"line":62,"column":15}},"21":{"start":{"line":58,"column":16},"end":{"line":58,"column":46}},"22":{"start":{"line":59,"column":16},"end":{"line":59,"column":43}},"23":{"start":{"line":61,"column":16},"end":{"line":61,"column":34}},"24":{"start":{"line":68,"column":0},"end":{"line":80,"column":3}},"25":{"start":{"line":69,"column":2},"end":{"line":79,"column":11}},"26":{"start":{"line":71,"column":10},"end":{"line":76,"column":11}},"27":{"start":{"line":72,"column":12},"end":{"line":72,"column":42}},"28":{"start":{"line":73,"column":12},"end":{"line":73,"column":33}},"29":{"start":{"line":75,"column":14},"end":{"line":75,"column":34}},"30":{"start":{"line":78,"column":12},"end":{"line":78,"column":43}},"31":{"start":{"line":82,"column":0},"end":{"line":82,"column":128}},"32":{"start":{"line":84,"column":0},"end":{"line":86,"column":33}},"33":{"start":{"line":88,"column":0},"end":{"line":89,"column":68}},"34":{"start":{"line":91,"column":0},"end":{"line":93,"column":33}},"35":{"start":{"line":95,"column":0},"end":{"line":95,"column":24}}},"branchMap":{"1":{"line":39,"type":"if","locations":[{"start":{"line":39,"column":14},"end":{"line":39,"column":14}},{"start":{"line":39,"column":14},"end":{"line":39,"column":14}}]},"2":{"line":39,"type":"binary-expr","locations":[{"start":{"line":39,"column":18},"end":{"line":39,"column":25}},{"start":{"line":39,"column":29},"end":{"line":39,"column":47}}]},"3":{"line":57,"type":"if","locations":[{"start":{"line":57,"column":14},"end":{"line":57,"column":14}},{"start":{"line":57,"column":14},"end":{"line":57,"column":14}}]},"4":{"line":57,"type":"binary-expr","locations":[{"start":{"line":57,"column":18},"end":{"line":57,"column":25}},{"start":{"line":57,"column":29},"end":{"line":57,"column":43}}]},"5":{"line":71,"type":"if","locations":[{"start":{"line":71,"column":10},"end":{"line":71,"column":10}},{"start":{"line":71,"column":10},"end":{"line":71,"column":10}}]},"6":{"line":71,"type":"binary-expr","locations":[{"start":{"line":71,"column":14},"end":{"line":71,"column":21}},{"start":{"line":71,"column":26},"end":{"line":71,"column":44}}]}}},"G:\\Janani\\Tasks\\CCSProject\\config\\auth.js":{"path":"G:\\Janani\\Tasks\\CCSProject\\config\\auth.js","s":{"1":1},"b":{},"f":{},"fnMap":{},"statementMap":{"1":{"start":{"line":1,"column":0},"end":{"line":13,"column":2}}},"branchMap":{}},"G:\\Janani\\Tasks\\CCSProject\\config\\db\\loginManager.js":{"path":"G:\\Janani\\Tasks\\CCSProject\\config\\db\\loginManager.js","s":{"1":1,"2":1,"3":1,"4":1,"5":1,"6":1,"7":1,"8":1,"9":1,"10":1,"11":1,"12":1,"13":1,"14":1,"15":1,"16":1,"17":1,"18":1,"19":1,"20":0,"21":0,"22":1,"23":1,"24":1},"b":{"1":[0,1]},"f":{"1":1,"2":1},"fnMap":{"1":{"name":"getUserValidity","line":9,"loc":{"start":{"line":9,"column":0},"end":{"line":9,"column":43}}},"2":{"name":"(anonymous_2)","line":24,"loc":{"start":{"line":24,"column":18},"end":{"line":24,"column":43}}}},"statementMap":{"1":{"start":{"line":4,"column":0},"end":{"line":4,"column":29}},"2":{"start":{"line":5,"column":0},"end":{"line":5,"column":21}},"3":{"start":{"line":6,"column":0},"end":{"line":6,"column":28}},"4":{"start":{"line":7,"column":0},"end":{"line":7,"column":37}},"5":{"start":{"line":9,"column":0},"end":{"line":32,"column":1}},"6":{"start":{"line":10,"column":2},"end":{"line":10,"column":27}},"7":{"start":{"line":12,"column":4},"end":{"line":12,"column":99}},"8":{"start":{"line":13,"column":4},"end":{"line":13,"column":113}},"9":{"start":{"line":14,"column":4},"end":{"line":14,"column":120}},"10":{"start":{"line":15,"column":4},"end":{"line":15,"column":117}},"11":{"start":{"line":16,"column":4},"end":{"line":16,"column":104}},"12":{"start":{"line":17,"column":4},"end":{"line":17,"column":126}},"13":{"start":{"line":18,"column":4},"end":{"line":18,"column":106}},"14":{"start":{"line":19,"column":4},"end":{"line":19,"column":107}},"15":{"start":{"line":20,"column":4},"end":{"line":20,"column":127}},"16":{"start":{"line":21,"column":4},"end":{"line":21,"column":36}},"17":{"start":{"line":23,"column":0},"end":{"line":23,"column":17}},"18":{"start":{"line":24,"column":3},"end":{"line":30,"column":5}},"19":{"start":{"line":25,"column":4},"end":{"line":28,"column":5}},"20":{"start":{"line":26,"column":6},"end":{"line":26,"column":27}},"21":{"start":{"line":27,"column":6},"end":{"line":27,"column":36}},"22":{"start":{"line":29,"column":4},"end":{"line":29,"column":30}},"23":{"start":{"line":31,"column":2},"end":{"line":31,"column":26}},"24":{"start":{"line":34,"column":0},"end":{"line":36,"column":2}}},"branchMap":{"1":{"line":25,"type":"if","locations":[{"start":{"line":25,"column":4},"end":{"line":25,"column":4}},{"start":{"line":25,"column":4},"end":{"line":25,"column":4}}]}}},"G:\\Janani\\Tasks\\CCSProject\\config\\db\\personaldataManager.js":{"path":"G:\\Janani\\Tasks\\CCSProject\\config\\db\\personaldataManager.js","s":{"1":1,"2":1,"3":1,"4":1,"5":1,"6":1,"7":1,"8":1,"9":0,"10":0,"11":0,"12":0,"13":0,"14":0,"15":0,"16":0,"17":0,"18":0,"19":0,"20":0,"21":0,"22":0,"23":0,"24":0,"25":1,"26":2,"27":2,"28":2,"29":2,"30":2,"31":2,"32":2,"33":2,"34":2,"35":2,"36":2,"37":2,"38":2,"39":0,"40":2,"41":2,"42":1,"43":2,"44":2,"45":2,"46":2,"47":2,"48":2,"49":2,"50":2,"51":2,"52":2,"53":2,"54":2,"55":0,"56":0,"57":2,"58":2,"59":2,"60":1,"61":2,"62":2,"63":2,"64":2,"65":2,"66":2,"67":0,"68":0,"69":2,"70":2,"71":1,"72":1,"73":1,"74":1,"75":1,"76":1,"77":1,"78":1,"79":1,"80":0,"81":0,"82":0,"83":0,"84":0,"85":0,"86":0,"87":0,"88":0,"89":0,"90":0,"91":0,"92":0,"93":0,"94":0,"95":0,"96":0,"97":1,"98":1,"99":1,"100":1,"101":1,"102":1,"103":1,"104":1,"105":1,"106":1,"107":1,"108":1,"109":1,"110":0,"111":0,"112":1,"113":1,"114":1,"115":1,"116":1,"117":0,"118":1,"119":1,"120":1,"121":0,"122":1,"123":0,"124":1,"125":1,"126":1,"127":1,"128":0,"129":0,"130":0,"131":0,"132":1,"133":1,"134":1,"135":1,"136":1,"137":1,"138":1,"139":1,"140":1,"141":1,"142":1,"143":1,"144":1,"145":1,"146":0,"147":0,"148":1,"149":1,"150":1,"151":1,"152":2,"153":2,"154":1,"155":1,"156":1,"157":1,"158":1,"159":0,"160":1,"161":1,"162":1,"163":1,"164":1,"165":1,"166":0,"167":0,"168":0,"169":0,"170":0,"171":0,"172":0,"173":0,"174":0,"175":0,"176":1,"177":0,"178":0,"179":0,"180":0,"181":0,"182":0,"183":0,"184":0,"185":0,"186":0,"187":0,"188":0,"189":0,"190":0,"191":0,"192":0,"193":0,"194":0,"195":0,"196":0,"197":0,"198":0,"199":0,"200":0,"201":0,"202":0,"203":0,"204":1,"205":0,"206":0,"207":0,"208":0,"209":0,"210":0,"211":0,"212":0,"213":0,"214":0,"215":0,"216":0,"217":0,"218":0,"219":0,"220":0,"221":0,"222":0,"223":0,"224":0,"225":0,"226":0,"227":0,"228":0,"229":0,"230":0,"231":0,"232":0,"233":0,"234":0,"235":0,"236":0,"237":0,"238":0,"239":0,"240":0,"241":0,"242":0,"243":0,"244":0,"245":0,"246":0,"247":0,"248":0,"249":0,"250":0,"251":0,"252":0,"253":0,"254":0,"255":0,"256":0,"257":0,"258":0,"259":0,"260":0,"261":1,"262":0,"263":0,"264":0,"265":0,"266":0,"267":0,"268":0,"269":0,"270":0,"271":0,"272":0,"273":0,"274":0,"275":0,"276":0,"277":0,"278":0,"279":0,"280":0,"281":0,"282":0,"283":0,"284":0,"285":0,"286":0,"287":0,"288":0,"289":0,"290":0,"291":0,"292":0,"293":1,"294":0,"295":0,"296":0,"297":0,"298":0,"299":0,"300":0,"301":0,"302":0,"303":0,"304":1,"305":0,"306":0,"307":0,"308":0,"309":0,"310":0,"311":0,"312":0,"313":0,"314":0,"315":0,"316":0,"317":0,"318":0,"319":0,"320":0,"321":0,"322":0,"323":0,"324":0,"325":0,"326":0,"327":0,"328":0,"329":0,"330":0,"331":0,"332":1},"b":{"1":[0,0],"2":[0,2],"3":[0,2],"4":[0,2],"5":[0,1],"6":[1,1,1],"7":[0,0],"8":[0,0],"9":[0,0],"10":[0,0],"11":[0,0],"12":[0,0],"13":[0,0],"14":[0,1],"15":[1,0],"16":[1,1],"17":[0,1],"18":[1,0],"19":[0,1],"20":[0,1],"21":[1,0],"22":[1,0],"23":[0,0],"24":[0,1],"25":[0,1],"26":[0,0],"27":[0,0],"28":[0,0],"29":[0,0],"30":[0,0],"31":[0,0],"32":[0,0],"33":[0,0],"34":[0,0],"35":[0,0],"36":[0,0],"37":[0,0],"38":[0,0],"39":[0,0,0],"40":[0,0],"41":[0,0],"42":[0,0],"43":[0,0],"44":[0,0],"45":[0,0],"46":[0,0],"47":[0,0],"48":[0,0],"49":[0,0],"50":[0,0],"51":[0,0],"52":[0,0],"53":[0,0],"54":[0,0],"55":[0,0],"56":[0,0],"57":[0,0],"58":[0,0],"59":[0,0],"60":[0,0],"61":[0,0],"62":[0,0],"63":[0,0],"64":[0,0],"65":[0,0]},"f":{"1":0,"2":0,"3":2,"4":2,"5":2,"6":2,"7":2,"8":2,"9":2,"10":2,"11":1,"12":1,"13":1,"14":0,"15":0,"16":1,"17":1,"18":1,"19":0,"20":0,"21":1,"22":1,"23":1,"24":2,"25":1,"26":1,"27":1,"28":0,"29":0,"30":0,"31":0,"32":0,"33":0,"34":0,"35":0,"36":0,"37":0,"38":0,"39":0,"40":0,"41":0,"42":0,"43":0,"44":0,"45":0,"46":0,"47":0,"48":0,"49":0,"50":0},"fnMap":{"1":{"name":"getUserDetails","line":18,"loc":{"start":{"line":18,"column":0},"end":{"line":18,"column":34}}},"2":{"name":"(anonymous_2)","line":31,"loc":{"start":{"line":31,"column":16},"end":{"line":31,"column":39}}},"3":{"name":"getPersonalData","line":41,"loc":{"start":{"line":41,"column":0},"end":{"line":41,"column":29}}},"4":{"name":"(anonymous_4)","line":56,"loc":{"start":{"line":56,"column":17},"end":{"line":56,"column":42}}},"5":{"name":"updatePersonalData","line":65,"loc":{"start":{"line":65,"column":0},"end":{"line":65,"column":38}}},"6":{"name":"(anonymous_6)","line":67,"loc":{"start":{"line":67,"column":39},"end":{"line":67,"column":50}}},"7":{"name":"(anonymous_7)","line":82,"loc":{"start":{"line":82,"column":25},"end":{"line":82,"column":49}}},"8":{"name":"(anonymous_8)","line":87,"loc":{"start":{"line":87,"column":48},"end":{"line":87,"column":65}}},"9":{"name":"deletePersonalData","line":96,"loc":{"start":{"line":96,"column":0},"end":{"line":96,"column":32}}},"10":{"name":"(anonymous_10)","line":102,"loc":{"start":{"line":102,"column":23},"end":{"line":102,"column":47}}},"11":{"name":"updateImage","line":112,"loc":{"start":{"line":112,"column":0},"end":{"line":112,"column":27}}},"12":{"name":"(anonymous_12)","line":114,"loc":{"start":{"line":114,"column":32},"end":{"line":114,"column":49}}},"13":{"name":"updateFacebookPersonalData","line":120,"loc":{"start":{"line":120,"column":0},"end":{"line":120,"column":61}}},"14":{"name":"(anonymous_14)","line":138,"loc":{"start":{"line":138,"column":34},"end":{"line":138,"column":57}}},"15":{"name":"(anonymous_15)","line":143,"loc":{"start":{"line":143,"column":51},"end":{"line":143,"column":69}}},"16":{"name":"(anonymous_16)","line":163,"loc":{"start":{"line":163,"column":25},"end":{"line":163,"column":49}}},"17":{"name":"(anonymous_17)","line":183,"loc":{"start":{"line":183,"column":44},"end":{"line":183,"column":61}}},"18":{"name":"(anonymous_18)","line":185,"loc":{"start":{"line":185,"column":61},"end":{"line":185,"column":79}}},"19":{"name":"(anonymous_19)","line":191,"loc":{"start":{"line":191,"column":66},"end":{"line":191,"column":83}}},"20":{"name":"(anonymous_20)","line":193,"loc":{"start":{"line":193,"column":61},"end":{"line":193,"column":79}}},"21":{"name":"updateFacebookProfilePicture","line":204,"loc":{"start":{"line":204,"column":0},"end":{"line":204,"column":47}}},"22":{"name":"(anonymous_22)","line":217,"loc":{"start":{"line":217,"column":30},"end":{"line":217,"column":55}}},"23":{"name":"(anonymous_23)","line":222,"loc":{"start":{"line":222,"column":42},"end":{"line":222,"column":56}}},"24":{"name":"(anonymous_24)","line":225,"loc":{"start":{"line":225,"column":25},"end":{"line":225,"column":41}}},"25":{"name":"(anonymous_25)","line":230,"loc":{"start":{"line":230,"column":24},"end":{"line":230,"column":35}}},"26":{"name":"(anonymous_26)","line":234,"loc":{"start":{"line":234,"column":42},"end":{"line":234,"column":56}}},"27":{"name":"(anonymous_27)","line":240,"loc":{"start":{"line":240,"column":39},"end":{"line":240,"column":56}}},"28":{"name":"deleteFacebookProfileData","line":251,"loc":{"start":{"line":251,"column":0},"end":{"line":251,"column":44}}},"29":{"name":"(anonymous_29)","line":257,"loc":{"start":{"line":257,"column":23},"end":{"line":257,"column":47}}},"30":{"name":"insertFacebookProfileData","line":267,"loc":{"start":{"line":267,"column":0},"end":{"line":267,"column":57}}},"31":{"name":"(anonymous_31)","line":301,"loc":{"start":{"line":301,"column":17},"end":{"line":301,"column":41}}},"32":{"name":"updateGooglePersonalData","line":313,"loc":{"start":{"line":313,"column":0},"end":{"line":313,"column":59}}},"33":{"name":"(anonymous_33)","line":341,"loc":{"start":{"line":341,"column":34},"end":{"line":341,"column":51}}},"34":{"name":"(anonymous_34)","line":344,"loc":{"start":{"line":344,"column":49},"end":{"line":344,"column":67}}},"35":{"name":"(anonymous_35)","line":364,"loc":{"start":{"line":364,"column":21},"end":{"line":364,"column":45}}},"36":{"name":"(anonymous_36)","line":390,"loc":{"start":{"line":390,"column":38},"end":{"line":390,"column":55}}},"37":{"name":"(anonymous_37)","line":393,"loc":{"start":{"line":393,"column":53},"end":{"line":393,"column":71}}},"38":{"name":"(anonymous_38)","line":401,"loc":{"start":{"line":401,"column":58},"end":{"line":401,"column":75}}},"39":{"name":"(anonymous_39)","line":403,"loc":{"start":{"line":403,"column":53},"end":{"line":403,"column":72}}},"40":{"name":"updateGoogleProfilePicture","line":416,"loc":{"start":{"line":416,"column":0},"end":{"line":416,"column":45}}},"41":{"name":"(anonymous_41)","line":430,"loc":{"start":{"line":430,"column":26},"end":{"line":430,"column":51}}},"42":{"name":"(anonymous_42)","line":436,"loc":{"start":{"line":436,"column":37},"end":{"line":436,"column":51}}},"43":{"name":"(anonymous_43)","line":442,"loc":{"start":{"line":442,"column":21},"end":{"line":442,"column":37}}},"44":{"name":"(anonymous_44)","line":451,"loc":{"start":{"line":451,"column":20},"end":{"line":451,"column":31}}},"45":{"name":"(anonymous_45)","line":458,"loc":{"start":{"line":458,"column":36},"end":{"line":458,"column":50}}},"46":{"name":"(anonymous_46)","line":468,"loc":{"start":{"line":468,"column":35},"end":{"line":468,"column":52}}},"47":{"name":"deleteGoogleProfileData","line":486,"loc":{"start":{"line":486,"column":0},"end":{"line":486,"column":42}}},"48":{"name":"(anonymous_48)","line":494,"loc":{"start":{"line":494,"column":19},"end":{"line":494,"column":43}}},"49":{"name":"insertGoogleProfileData","line":506,"loc":{"start":{"line":506,"column":0},"end":{"line":506,"column":54}}},"50":{"name":"(anonymous_50)","line":546,"loc":{"start":{"line":546,"column":17},"end":{"line":546,"column":41}}}},"statementMap":{"1":{"start":{"line":5,"column":0},"end":{"line":5,"column":21}},"2":{"start":{"line":7,"column":0},"end":{"line":7,"column":28}},"3":{"start":{"line":9,"column":0},"end":{"line":9,"column":29}},"4":{"start":{"line":11,"column":0},"end":{"line":11,"column":24}},"5":{"start":{"line":13,"column":0},"end":{"line":13,"column":36}},"6":{"start":{"line":15,"column":0},"end":{"line":15,"column":28}},"7":{"start":{"line":16,"column":0},"end":{"line":16,"column":37}},"8":{"start":{"line":18,"column":0},"end":{"line":39,"column":1}},"9":{"start":{"line":19,"column":2},"end":{"line":19,"column":27}},"10":{"start":{"line":21,"column":2},"end":{"line":21,"column":97}},"11":{"start":{"line":22,"column":2},"end":{"line":22,"column":111}},"12":{"start":{"line":23,"column":2},"end":{"line":23,"column":118}},"13":{"start":{"line":24,"column":2},"end":{"line":24,"column":115}},"14":{"start":{"line":25,"column":2},"end":{"line":25,"column":102}},"15":{"start":{"line":26,"column":2},"end":{"line":26,"column":124}},"16":{"start":{"line":27,"column":2},"end":{"line":27,"column":104}},"17":{"start":{"line":28,"column":2},"end":{"line":28,"column":105}},"18":{"start":{"line":29,"column":2},"end":{"line":29,"column":121}},"19":{"start":{"line":31,"column":2},"end":{"line":37,"column":7}},"20":{"start":{"line":32,"column":6},"end":{"line":35,"column":7}},"21":{"start":{"line":33,"column":8},"end":{"line":33,"column":27}},"22":{"start":{"line":34,"column":8},"end":{"line":34,"column":36}},"23":{"start":{"line":36,"column":6},"end":{"line":36,"column":32}},"24":{"start":{"line":38,"column":2},"end":{"line":38,"column":26}},"25":{"start":{"line":41,"column":0},"end":{"line":63,"column":1}},"26":{"start":{"line":42,"column":2},"end":{"line":42,"column":27}},"27":{"start":{"line":44,"column":2},"end":{"line":44,"column":97}},"28":{"start":{"line":45,"column":2},"end":{"line":45,"column":111}},"29":{"start":{"line":46,"column":2},"end":{"line":46,"column":118}},"30":{"start":{"line":47,"column":2},"end":{"line":47,"column":115}},"31":{"start":{"line":48,"column":2},"end":{"line":48,"column":102}},"32":{"start":{"line":49,"column":2},"end":{"line":49,"column":124}},"33":{"start":{"line":50,"column":2},"end":{"line":50,"column":104}},"34":{"start":{"line":51,"column":2},"end":{"line":51,"column":105}},"35":{"start":{"line":52,"column":2},"end":{"line":52,"column":107}},"36":{"start":{"line":54,"column":2},"end":{"line":54,"column":19}},"37":{"start":{"line":56,"column":2},"end":{"line":61,"column":5}},"38":{"start":{"line":57,"column":4},"end":{"line":59,"column":5}},"39":{"start":{"line":58,"column":6},"end":{"line":58,"column":36}},"40":{"start":{"line":60,"column":4},"end":{"line":60,"column":30}},"41":{"start":{"line":62,"column":2},"end":{"line":62,"column":26}},"42":{"start":{"line":65,"column":0},"end":{"line":94,"column":1}},"43":{"start":{"line":66,"column":2},"end":{"line":66,"column":27}},"44":{"start":{"line":67,"column":2},"end":{"line":92,"column":5}},"45":{"start":{"line":68,"column":4},"end":{"line":68,"column":115}},"46":{"start":{"line":69,"column":4},"end":{"line":69,"column":90}},"47":{"start":{"line":70,"column":4},"end":{"line":70,"column":118}},"48":{"start":{"line":71,"column":4},"end":{"line":71,"column":89}},"49":{"start":{"line":72,"column":4},"end":{"line":72,"column":99}},"50":{"start":{"line":73,"column":4},"end":{"line":73,"column":47}},"51":{"start":{"line":75,"column":8},"end":{"line":80,"column":88}},"52":{"start":{"line":81,"column":8},"end":{"line":81,"column":49}},"53":{"start":{"line":82,"column":8},"end":{"line":90,"column":11}},"54":{"start":{"line":83,"column":10},"end":{"line":86,"column":11}},"55":{"start":{"line":84,"column":12},"end":{"line":84,"column":33}},"56":{"start":{"line":85,"column":12},"end":{"line":85,"column":42}},"57":{"start":{"line":87,"column":10},"end":{"line":89,"column":13}},"58":{"start":{"line":88,"column":12},"end":{"line":88,"column":37}},"59":{"start":{"line":93,"column":2},"end":{"line":93,"column":26}},"60":{"start":{"line":96,"column":0},"end":{"line":110,"column":1}},"61":{"start":{"line":97,"column":2},"end":{"line":97,"column":27}},"62":{"start":{"line":98,"column":2},"end":{"line":98,"column":120}},"63":{"start":{"line":100,"column":6},"end":{"line":100,"column":58}},"64":{"start":{"line":101,"column":6},"end":{"line":101,"column":43}},"65":{"start":{"line":102,"column":6},"end":{"line":108,"column":9}},"66":{"start":{"line":103,"column":8},"end":{"line":106,"column":9}},"67":{"start":{"line":104,"column":10},"end":{"line":104,"column":31}},"68":{"start":{"line":105,"column":10},"end":{"line":105,"column":40}},"69":{"start":{"line":107,"column":8},"end":{"line":107,"column":62}},"70":{"start":{"line":109,"column":2},"end":{"line":109,"column":26}},"71":{"start":{"line":112,"column":0},"end":{"line":118,"column":1}},"72":{"start":{"line":113,"column":2},"end":{"line":113,"column":27}},"73":{"start":{"line":114,"column":2},"end":{"line":116,"column":5}},"74":{"start":{"line":115,"column":4},"end":{"line":115,"column":29}},"75":{"start":{"line":117,"column":2},"end":{"line":117,"column":26}},"76":{"start":{"line":120,"column":0},"end":{"line":202,"column":1}},"77":{"start":{"line":121,"column":2},"end":{"line":121,"column":27}},"78":{"start":{"line":122,"column":2},"end":{"line":122,"column":16}},"79":{"start":{"line":123,"column":2},"end":{"line":200,"column":3}},"80":{"start":{"line":124,"column":4},"end":{"line":124,"column":28}},"81":{"start":{"line":125,"column":4},"end":{"line":125,"column":33}},"82":{"start":{"line":126,"column":4},"end":{"line":126,"column":37}},"83":{"start":{"line":127,"column":4},"end":{"line":131,"column":5}},"84":{"start":{"line":128,"column":6},"end":{"line":128,"column":48}},"85":{"start":{"line":129,"column":10},"end":{"line":131,"column":5}},"86":{"start":{"line":130,"column":6},"end":{"line":130,"column":45}},"87":{"start":{"line":132,"column":4},"end":{"line":134,"column":5}},"88":{"start":{"line":133,"column":6},"end":{"line":133,"column":48}},"89":{"start":{"line":135,"column":4},"end":{"line":137,"column":5}},"90":{"start":{"line":136,"column":6},"end":{"line":136,"column":45}},"91":{"start":{"line":138,"column":4},"end":{"line":148,"column":7}},"92":{"start":{"line":139,"column":6},"end":{"line":141,"column":7}},"93":{"start":{"line":140,"column":8},"end":{"line":140,"column":38}},"94":{"start":{"line":142,"column":6},"end":{"line":147,"column":7}},"95":{"start":{"line":143,"column":8},"end":{"line":146,"column":11}},"96":{"start":{"line":145,"column":10},"end":{"line":145,"column":35}},"97":{"start":{"line":151,"column":4},"end":{"line":151,"column":108}},"98":{"start":{"line":152,"column":4},"end":{"line":152,"column":122}},"99":{"start":{"line":153,"column":4},"end":{"line":153,"column":129}},"100":{"start":{"line":154,"column":4},"end":{"line":154,"column":126}},"101":{"start":{"line":155,"column":4},"end":{"line":155,"column":113}},"102":{"start":{"line":156,"column":4},"end":{"line":156,"column":135}},"103":{"start":{"line":157,"column":4},"end":{"line":157,"column":115}},"104":{"start":{"line":158,"column":4},"end":{"line":158,"column":116}},"105":{"start":{"line":159,"column":4},"end":{"line":159,"column":115}},"106":{"start":{"line":161,"column":8},"end":{"line":161,"column":70}},"107":{"start":{"line":162,"column":8},"end":{"line":162,"column":45}},"108":{"start":{"line":163,"column":8},"end":{"line":199,"column":13}},"109":{"start":{"line":164,"column":12},"end":{"line":167,"column":13}},"110":{"start":{"line":165,"column":14},"end":{"line":165,"column":35}},"111":{"start":{"line":166,"column":14},"end":{"line":166,"column":44}},"112":{"start":{"line":168,"column":12},"end":{"line":198,"column":13}},"113":{"start":{"line":169,"column":14},"end":{"line":169,"column":31}},"114":{"start":{"line":170,"column":14},"end":{"line":170,"column":43}},"115":{"start":{"line":171,"column":14},"end":{"line":171,"column":47}},"116":{"start":{"line":172,"column":14},"end":{"line":176,"column":15}},"117":{"start":{"line":173,"column":16},"end":{"line":173,"column":58}},"118":{"start":{"line":174,"column":20},"end":{"line":176,"column":15}},"119":{"start":{"line":175,"column":16},"end":{"line":175,"column":55}},"120":{"start":{"line":177,"column":14},"end":{"line":179,"column":15}},"121":{"start":{"line":178,"column":16},"end":{"line":178,"column":58}},"122":{"start":{"line":180,"column":14},"end":{"line":182,"column":15}},"123":{"start":{"line":181,"column":16},"end":{"line":181,"column":55}},"124":{"start":{"line":183,"column":14},"end":{"line":189,"column":17}},"125":{"start":{"line":184,"column":16},"end":{"line":188,"column":17}},"126":{"start":{"line":185,"column":18},"end":{"line":187,"column":21}},"127":{"start":{"line":186,"column":20},"end":{"line":186,"column":45}},"128":{"start":{"line":191,"column":14},"end":{"line":197,"column":17}},"129":{"start":{"line":192,"column":16},"end":{"line":196,"column":17}},"130":{"start":{"line":193,"column":18},"end":{"line":195,"column":21}},"131":{"start":{"line":194,"column":20},"end":{"line":194,"column":45}},"132":{"start":{"line":201,"column":2},"end":{"line":201,"column":26}},"133":{"start":{"line":204,"column":0},"end":{"line":249,"column":1}},"134":{"start":{"line":205,"column":2},"end":{"line":205,"column":27}},"135":{"start":{"line":207,"column":2},"end":{"line":207,"column":106}},"136":{"start":{"line":208,"column":2},"end":{"line":208,"column":120}},"137":{"start":{"line":209,"column":2},"end":{"line":209,"column":127}},"138":{"start":{"line":210,"column":2},"end":{"line":210,"column":124}},"139":{"start":{"line":211,"column":2},"end":{"line":211,"column":111}},"140":{"start":{"line":212,"column":2},"end":{"line":212,"column":133}},"141":{"start":{"line":213,"column":2},"end":{"line":213,"column":113}},"142":{"start":{"line":214,"column":2},"end":{"line":214,"column":114}},"143":{"start":{"line":215,"column":2},"end":{"line":215,"column":135}},"144":{"start":{"line":217,"column":6},"end":{"line":247,"column":9}},"145":{"start":{"line":218,"column":8},"end":{"line":221,"column":9}},"146":{"start":{"line":219,"column":10},"end":{"line":219,"column":31}},"147":{"start":{"line":220,"column":10},"end":{"line":220,"column":33}},"148":{"start":{"line":222,"column":8},"end":{"line":246,"column":11}},"149":{"start":{"line":223,"column":10},"end":{"line":223,"column":27}},"150":{"start":{"line":224,"column":10},"end":{"line":224,"column":25}},"151":{"start":{"line":225,"column":10},"end":{"line":229,"column":13}},"152":{"start":{"line":227,"column":12},"end":{"line":227,"column":35}},"153":{"start":{"line":228,"column":12},"end":{"line":228,"column":32}},"154":{"start":{"line":230,"column":10},"end":{"line":245,"column":13}},"155":{"start":{"line":232,"column":12},"end":{"line":232,"column":47}},"156":{"start":{"line":233,"column":12},"end":{"line":233,"column":99}},"157":{"start":{"line":234,"column":12},"end":{"line":244,"column":15}},"158":{"start":{"line":235,"column":14},"end":{"line":243,"column":15}},"159":{"start":{"line":236,"column":16},"end":{"line":236,"column":48}},"160":{"start":{"line":238,"column":16},"end":{"line":238,"column":38}},"161":{"start":{"line":239,"column":16},"end":{"line":239,"column":86}},"162":{"start":{"line":240,"column":16},"end":{"line":242,"column":19}},"163":{"start":{"line":241,"column":18},"end":{"line":241,"column":43}},"164":{"start":{"line":248,"column":2},"end":{"line":248,"column":26}},"165":{"start":{"line":251,"column":0},"end":{"line":265,"column":1}},"166":{"start":{"line":252,"column":2},"end":{"line":252,"column":27}},"167":{"start":{"line":253,"column":2},"end":{"line":253,"column":122}},"168":{"start":{"line":255,"column":6},"end":{"line":255,"column":59}},"169":{"start":{"line":256,"column":6},"end":{"line":256,"column":43}},"170":{"start":{"line":257,"column":6},"end":{"line":263,"column":9}},"171":{"start":{"line":258,"column":8},"end":{"line":261,"column":9}},"172":{"start":{"line":259,"column":10},"end":{"line":259,"column":31}},"173":{"start":{"line":260,"column":10},"end":{"line":260,"column":40}},"174":{"start":{"line":262,"column":8},"end":{"line":262,"column":62}},"175":{"start":{"line":264,"column":2},"end":{"line":264,"column":26}},"176":{"start":{"line":267,"column":0},"end":{"line":310,"column":1}},"177":{"start":{"line":268,"column":2},"end":{"line":268,"column":27}},"178":{"start":{"line":269,"column":2},"end":{"line":269,"column":66}},"179":{"start":{"line":270,"column":2},"end":{"line":274,"column":3}},"180":{"start":{"line":271,"column":4},"end":{"line":271,"column":23}},"181":{"start":{"line":272,"column":8},"end":{"line":274,"column":3}},"182":{"start":{"line":273,"column":4},"end":{"line":273,"column":23}},"183":{"start":{"line":275,"column":2},"end":{"line":277,"column":3}},"184":{"start":{"line":276,"column":4},"end":{"line":276,"column":23}},"185":{"start":{"line":278,"column":2},"end":{"line":280,"column":3}},"186":{"start":{"line":279,"column":4},"end":{"line":279,"column":23}},"187":{"start":{"line":281,"column":2},"end":{"line":281,"column":92}},"188":{"start":{"line":283,"column":2},"end":{"line":287,"column":3}},"189":{"start":{"line":284,"column":4},"end":{"line":284,"column":49}},"190":{"start":{"line":285,"column":8},"end":{"line":287,"column":3}},"191":{"start":{"line":286,"column":4},"end":{"line":286,"column":46}},"192":{"start":{"line":289,"column":2},"end":{"line":291,"column":3}},"193":{"start":{"line":290,"column":4},"end":{"line":290,"column":50}},"194":{"start":{"line":293,"column":2},"end":{"line":295,"column":3}},"195":{"start":{"line":294,"column":4},"end":{"line":294,"column":50}},"196":{"start":{"line":297,"column":2},"end":{"line":297,"column":39}},"197":{"start":{"line":300,"column":2},"end":{"line":300,"column":37}},"198":{"start":{"line":301,"column":2},"end":{"line":307,"column":5}},"199":{"start":{"line":302,"column":4},"end":{"line":305,"column":5}},"200":{"start":{"line":303,"column":6},"end":{"line":303,"column":27}},"201":{"start":{"line":304,"column":6},"end":{"line":304,"column":36}},"202":{"start":{"line":306,"column":4},"end":{"line":306,"column":58}},"203":{"start":{"line":309,"column":2},"end":{"line":309,"column":26}},"204":{"start":{"line":313,"column":0},"end":{"line":414,"column":1}},"205":{"start":{"line":316,"column":2},"end":{"line":316,"column":27}},"206":{"start":{"line":318,"column":2},"end":{"line":318,"column":16}},"207":{"start":{"line":320,"column":2},"end":{"line":412,"column":3}},"208":{"start":{"line":322,"column":4},"end":{"line":322,"column":28}},"209":{"start":{"line":324,"column":4},"end":{"line":324,"column":31}},"210":{"start":{"line":325,"column":4},"end":{"line":325,"column":35}},"211":{"start":{"line":326,"column":4},"end":{"line":330,"column":5}},"212":{"start":{"line":327,"column":6},"end":{"line":327,"column":52}},"213":{"start":{"line":328,"column":10},"end":{"line":330,"column":5}},"214":{"start":{"line":329,"column":6},"end":{"line":329,"column":49}},"215":{"start":{"line":332,"column":4},"end":{"line":334,"column":5}},"216":{"start":{"line":333,"column":6},"end":{"line":333,"column":52}},"217":{"start":{"line":336,"column":4},"end":{"line":339,"column":5}},"218":{"start":{"line":338,"column":6},"end":{"line":338,"column":39}},"219":{"start":{"line":341,"column":4},"end":{"line":348,"column":7}},"220":{"start":{"line":342,"column":6},"end":{"line":342,"column":37}},"221":{"start":{"line":343,"column":6},"end":{"line":347,"column":7}},"222":{"start":{"line":344,"column":8},"end":{"line":346,"column":11}},"223":{"start":{"line":345,"column":10},"end":{"line":345,"column":35}},"224":{"start":{"line":352,"column":4},"end":{"line":352,"column":108}},"225":{"start":{"line":353,"column":4},"end":{"line":353,"column":122}},"226":{"start":{"line":354,"column":4},"end":{"line":354,"column":129}},"227":{"start":{"line":355,"column":4},"end":{"line":355,"column":126}},"228":{"start":{"line":356,"column":4},"end":{"line":356,"column":113}},"229":{"start":{"line":357,"column":4},"end":{"line":357,"column":135}},"230":{"start":{"line":358,"column":4},"end":{"line":358,"column":115}},"231":{"start":{"line":359,"column":4},"end":{"line":359,"column":116}},"232":{"start":{"line":360,"column":4},"end":{"line":360,"column":113}},"233":{"start":{"line":362,"column":4},"end":{"line":362,"column":66}},"234":{"start":{"line":363,"column":4},"end":{"line":363,"column":41}},"235":{"start":{"line":364,"column":4},"end":{"line":411,"column":7}},"236":{"start":{"line":365,"column":6},"end":{"line":368,"column":7}},"237":{"start":{"line":366,"column":8},"end":{"line":366,"column":29}},"238":{"start":{"line":367,"column":8},"end":{"line":367,"column":38}},"239":{"start":{"line":369,"column":6},"end":{"line":409,"column":7}},"240":{"start":{"line":371,"column":8},"end":{"line":371,"column":25}},"241":{"start":{"line":373,"column":8},"end":{"line":373,"column":35}},"242":{"start":{"line":374,"column":8},"end":{"line":374,"column":39}},"243":{"start":{"line":375,"column":8},"end":{"line":379,"column":9}},"244":{"start":{"line":376,"column":10},"end":{"line":376,"column":56}},"245":{"start":{"line":377,"column":14},"end":{"line":379,"column":9}},"246":{"start":{"line":378,"column":10},"end":{"line":378,"column":53}},"247":{"start":{"line":381,"column":8},"end":{"line":383,"column":9}},"248":{"start":{"line":382,"column":10},"end":{"line":382,"column":56}},"249":{"start":{"line":385,"column":8},"end":{"line":388,"column":9}},"250":{"start":{"line":387,"column":10},"end":{"line":387,"column":43}},"251":{"start":{"line":390,"column":8},"end":{"line":397,"column":11}},"252":{"start":{"line":391,"column":10},"end":{"line":391,"column":41}},"253":{"start":{"line":392,"column":10},"end":{"line":396,"column":11}},"254":{"start":{"line":393,"column":12},"end":{"line":395,"column":15}},"255":{"start":{"line":394,"column":14},"end":{"line":394,"column":39}},"256":{"start":{"line":401,"column":8},"end":{"line":407,"column":11}},"257":{"start":{"line":402,"column":10},"end":{"line":406,"column":11}},"258":{"start":{"line":403,"column":12},"end":{"line":405,"column":15}},"259":{"start":{"line":404,"column":14},"end":{"line":404,"column":40}},"260":{"start":{"line":413,"column":2},"end":{"line":413,"column":26}},"261":{"start":{"line":416,"column":0},"end":{"line":484,"column":1}},"262":{"start":{"line":418,"column":2},"end":{"line":418,"column":27}},"263":{"start":{"line":420,"column":2},"end":{"line":420,"column":106}},"264":{"start":{"line":421,"column":2},"end":{"line":421,"column":120}},"265":{"start":{"line":422,"column":2},"end":{"line":422,"column":127}},"266":{"start":{"line":423,"column":2},"end":{"line":423,"column":124}},"267":{"start":{"line":424,"column":2},"end":{"line":424,"column":111}},"268":{"start":{"line":425,"column":2},"end":{"line":425,"column":133}},"269":{"start":{"line":426,"column":2},"end":{"line":426,"column":113}},"270":{"start":{"line":427,"column":2},"end":{"line":427,"column":114}},"271":{"start":{"line":428,"column":2},"end":{"line":428,"column":133}},"272":{"start":{"line":430,"column":2},"end":{"line":480,"column":5}},"273":{"start":{"line":431,"column":4},"end":{"line":434,"column":5}},"274":{"start":{"line":432,"column":6},"end":{"line":432,"column":27}},"275":{"start":{"line":433,"column":6},"end":{"line":433,"column":36}},"276":{"start":{"line":436,"column":4},"end":{"line":479,"column":7}},"277":{"start":{"line":438,"column":6},"end":{"line":438,"column":23}},"278":{"start":{"line":440,"column":6},"end":{"line":440,"column":21}},"279":{"start":{"line":442,"column":6},"end":{"line":449,"column":9}},"280":{"start":{"line":445,"column":8},"end":{"line":445,"column":31}},"281":{"start":{"line":447,"column":8},"end":{"line":447,"column":28}},"282":{"start":{"line":451,"column":6},"end":{"line":477,"column":9}},"283":{"start":{"line":454,"column":8},"end":{"line":454,"column":43}},"284":{"start":{"line":456,"column":8},"end":{"line":456,"column":95}},"285":{"start":{"line":458,"column":8},"end":{"line":475,"column":11}},"286":{"start":{"line":460,"column":10},"end":{"line":473,"column":11}},"287":{"start":{"line":461,"column":12},"end":{"line":461,"column":44}},"288":{"start":{"line":464,"column":12},"end":{"line":464,"column":34}},"289":{"start":{"line":466,"column":12},"end":{"line":466,"column":80}},"290":{"start":{"line":468,"column":12},"end":{"line":470,"column":15}},"291":{"start":{"line":469,"column":14},"end":{"line":469,"column":39}},"292":{"start":{"line":482,"column":2},"end":{"line":482,"column":26}},"293":{"start":{"line":486,"column":0},"end":{"line":504,"column":1}},"294":{"start":{"line":488,"column":2},"end":{"line":488,"column":27}},"295":{"start":{"line":490,"column":2},"end":{"line":490,"column":120}},"296":{"start":{"line":492,"column":2},"end":{"line":492,"column":55}},"297":{"start":{"line":493,"column":2},"end":{"line":493,"column":39}},"298":{"start":{"line":494,"column":2},"end":{"line":500,"column":5}},"299":{"start":{"line":495,"column":4},"end":{"line":498,"column":5}},"300":{"start":{"line":496,"column":6},"end":{"line":496,"column":27}},"301":{"start":{"line":497,"column":6},"end":{"line":497,"column":36}},"302":{"start":{"line":499,"column":4},"end":{"line":499,"column":58}},"303":{"start":{"line":502,"column":2},"end":{"line":502,"column":26}},"304":{"start":{"line":506,"column":0},"end":{"line":555,"column":1}},"305":{"start":{"line":508,"column":2},"end":{"line":508,"column":27}},"306":{"start":{"line":510,"column":2},"end":{"line":510,"column":62}},"307":{"start":{"line":512,"column":2},"end":{"line":516,"column":3}},"308":{"start":{"line":513,"column":4},"end":{"line":513,"column":22}},"309":{"start":{"line":514,"column":8},"end":{"line":516,"column":3}},"310":{"start":{"line":515,"column":4},"end":{"line":515,"column":22}},"311":{"start":{"line":518,"column":2},"end":{"line":520,"column":3}},"312":{"start":{"line":519,"column":4},"end":{"line":519,"column":22}},"313":{"start":{"line":522,"column":2},"end":{"line":525,"column":3}},"314":{"start":{"line":524,"column":4},"end":{"line":524,"column":22}},"315":{"start":{"line":527,"column":2},"end":{"line":527,"column":96}},"316":{"start":{"line":529,"column":2},"end":{"line":533,"column":3}},"317":{"start":{"line":530,"column":4},"end":{"line":530,"column":49}},"318":{"start":{"line":531,"column":8},"end":{"line":533,"column":3}},"319":{"start":{"line":532,"column":4},"end":{"line":532,"column":46}},"320":{"start":{"line":535,"column":2},"end":{"line":537,"column":3}},"321":{"start":{"line":536,"column":4},"end":{"line":536,"column":50}},"322":{"start":{"line":539,"column":2},"end":{"line":541,"column":3}},"323":{"start":{"line":540,"column":4},"end":{"line":540,"column":40}},"324":{"start":{"line":543,"column":2},"end":{"line":543,"column":39}},"325":{"start":{"line":545,"column":2},"end":{"line":545,"column":37}},"326":{"start":{"line":546,"column":2},"end":{"line":552,"column":5}},"327":{"start":{"line":547,"column":4},"end":{"line":550,"column":5}},"328":{"start":{"line":548,"column":6},"end":{"line":548,"column":27}},"329":{"start":{"line":549,"column":6},"end":{"line":549,"column":36}},"330":{"start":{"line":551,"column":4},"end":{"line":551,"column":58}},"331":{"start":{"line":554,"column":2},"end":{"line":554,"column":26}},"332":{"start":{"line":558,"column":0},"end":{"line":572,"column":2}}},"branchMap":{"1":{"line":32,"type":"if","locations":[{"start":{"line":32,"column":6},"end":{"line":32,"column":6}},{"start":{"line":32,"column":6},"end":{"line":32,"column":6}}]},"2":{"line":57,"type":"if","locations":[{"start":{"line":57,"column":4},"end":{"line":57,"column":4}},{"start":{"line":57,"column":4},"end":{"line":57,"column":4}}]},"3":{"line":83,"type":"if","locations":[{"start":{"line":83,"column":10},"end":{"line":83,"column":10}},{"start":{"line":83,"column":10},"end":{"line":83,"column":10}}]},"4":{"line":103,"type":"if","locations":[{"start":{"line":103,"column":8},"end":{"line":103,"column":8}},{"start":{"line":103,"column":8},"end":{"line":103,"column":8}}]},"5":{"line":123,"type":"if","locations":[{"start":{"line":123,"column":2},"end":{"line":123,"column":2}},{"start":{"line":123,"column":2},"end":{"line":123,"column":2}}]},"6":{"line":123,"type":"binary-expr","locations":[{"start":{"line":123,"column":6},"end":{"line":123,"column":9}},{"start":{"line":123,"column":13},"end":{"line":123,"column":24}},{"start":{"line":123,"column":28},"end":{"line":123,"column":44}}]},"7":{"line":127,"type":"if","locations":[{"start":{"line":127,"column":4},"end":{"line":127,"column":4}},{"start":{"line":127,"column":4},"end":{"line":127,"column":4}}]},"8":{"line":129,"type":"if","locations":[{"start":{"line":129,"column":10},"end":{"line":129,"column":10}},{"start":{"line":129,"column":10},"end":{"line":129,"column":10}}]},"9":{"line":132,"type":"if","locations":[{"start":{"line":132,"column":4},"end":{"line":132,"column":4}},{"start":{"line":132,"column":4},"end":{"line":132,"column":4}}]},"10":{"line":135,"type":"if","locations":[{"start":{"line":135,"column":4},"end":{"line":135,"column":4}},{"start":{"line":135,"column":4},"end":{"line":135,"column":4}}]},"11":{"line":135,"type":"binary-expr","locations":[{"start":{"line":135,"column":8},"end":{"line":135,"column":22}},{"start":{"line":135,"column":26},"end":{"line":135,"column":43}}]},"12":{"line":139,"type":"if","locations":[{"start":{"line":139,"column":6},"end":{"line":139,"column":6}},{"start":{"line":139,"column":6},"end":{"line":139,"column":6}}]},"13":{"line":142,"type":"if","locations":[{"start":{"line":142,"column":6},"end":{"line":142,"column":6}},{"start":{"line":142,"column":6},"end":{"line":142,"column":6}}]},"14":{"line":164,"type":"if","locations":[{"start":{"line":164,"column":12},"end":{"line":164,"column":12}},{"start":{"line":164,"column":12},"end":{"line":164,"column":12}}]},"15":{"line":168,"type":"if","locations":[{"start":{"line":168,"column":12},"end":{"line":168,"column":12}},{"start":{"line":168,"column":12},"end":{"line":168,"column":12}}]},"16":{"line":168,"type":"binary-expr","locations":[{"start":{"line":168,"column":16},"end":{"line":168,"column":22}},{"start":{"line":168,"column":26},"end":{"line":168,"column":43}}]},"17":{"line":172,"type":"if","locations":[{"start":{"line":172,"column":14},"end":{"line":172,"column":14}},{"start":{"line":172,"column":14},"end":{"line":172,"column":14}}]},"18":{"line":174,"type":"if","locations":[{"start":{"line":174,"column":20},"end":{"line":174,"column":20}},{"start":{"line":174,"column":20},"end":{"line":174,"column":20}}]},"19":{"line":177,"type":"if","locations":[{"start":{"line":177,"column":14},"end":{"line":177,"column":14}},{"start":{"line":177,"column":14},"end":{"line":177,"column":14}}]},"20":{"line":180,"type":"if","locations":[{"start":{"line":180,"column":14},"end":{"line":180,"column":14}},{"start":{"line":180,"column":14},"end":{"line":180,"column":14}}]},"21":{"line":180,"type":"binary-expr","locations":[{"start":{"line":180,"column":18},"end":{"line":180,"column":32}},{"start":{"line":180,"column":36},"end":{"line":180,"column":53}}]},"22":{"line":184,"type":"if","locations":[{"start":{"line":184,"column":16},"end":{"line":184,"column":16}},{"start":{"line":184,"column":16},"end":{"line":184,"column":16}}]},"23":{"line":192,"type":"if","locations":[{"start":{"line":192,"column":16},"end":{"line":192,"column":16}},{"start":{"line":192,"column":16},"end":{"line":192,"column":16}}]},"24":{"line":218,"type":"if","locations":[{"start":{"line":218,"column":8},"end":{"line":218,"column":8}},{"start":{"line":218,"column":8},"end":{"line":218,"column":8}}]},"25":{"line":235,"type":"if","locations":[{"start":{"line":235,"column":14},"end":{"line":235,"column":14}},{"start":{"line":235,"column":14},"end":{"line":235,"column":14}}]},"26":{"line":258,"type":"if","locations":[{"start":{"line":258,"column":8},"end":{"line":258,"column":8}},{"start":{"line":258,"column":8},"end":{"line":258,"column":8}}]},"27":{"line":270,"type":"if","locations":[{"start":{"line":270,"column":2},"end":{"line":270,"column":2}},{"start":{"line":270,"column":2},"end":{"line":270,"column":2}}]},"28":{"line":272,"type":"if","locations":[{"start":{"line":272,"column":8},"end":{"line":272,"column":8}},{"start":{"line":272,"column":8},"end":{"line":272,"column":8}}]},"29":{"line":275,"type":"if","locations":[{"start":{"line":275,"column":2},"end":{"line":275,"column":2}},{"start":{"line":275,"column":2},"end":{"line":275,"column":2}}]},"30":{"line":278,"type":"if","locations":[{"start":{"line":278,"column":2},"end":{"line":278,"column":2}},{"start":{"line":278,"column":2},"end":{"line":278,"column":2}}]},"31":{"line":278,"type":"binary-expr","locations":[{"start":{"line":278,"column":6},"end":{"line":278,"column":20}},{"start":{"line":278,"column":24},"end":{"line":278,"column":41}}]},"32":{"line":283,"type":"if","locations":[{"start":{"line":283,"column":2},"end":{"line":283,"column":2}},{"start":{"line":283,"column":2},"end":{"line":283,"column":2}}]},"33":{"line":285,"type":"if","locations":[{"start":{"line":285,"column":8},"end":{"line":285,"column":8}},{"start":{"line":285,"column":8},"end":{"line":285,"column":8}}]},"34":{"line":289,"type":"if","locations":[{"start":{"line":289,"column":2},"end":{"line":289,"column":2}},{"start":{"line":289,"column":2},"end":{"line":289,"column":2}}]},"35":{"line":293,"type":"if","locations":[{"start":{"line":293,"column":2},"end":{"line":293,"column":2}},{"start":{"line":293,"column":2},"end":{"line":293,"column":2}}]},"36":{"line":293,"type":"binary-expr","locations":[{"start":{"line":293,"column":6},"end":{"line":293,"column":20}},{"start":{"line":293,"column":24},"end":{"line":293,"column":41}}]},"37":{"line":302,"type":"if","locations":[{"start":{"line":302,"column":4},"end":{"line":302,"column":4}},{"start":{"line":302,"column":4},"end":{"line":302,"column":4}}]},"38":{"line":320,"type":"if","locations":[{"start":{"line":320,"column":2},"end":{"line":320,"column":2}},{"start":{"line":320,"column":2},"end":{"line":320,"column":2}}]},"39":{"line":320,"type":"binary-expr","locations":[{"start":{"line":320,"column":6},"end":{"line":320,"column":9}},{"start":{"line":320,"column":13},"end":{"line":320,"column":24}},{"start":{"line":320,"column":28},"end":{"line":320,"column":44}}]},"40":{"line":326,"type":"if","locations":[{"start":{"line":326,"column":4},"end":{"line":326,"column":4}},{"start":{"line":326,"column":4},"end":{"line":326,"column":4}}]},"41":{"line":328,"type":"if","locations":[{"start":{"line":328,"column":10},"end":{"line":328,"column":10}},{"start":{"line":328,"column":10},"end":{"line":328,"column":10}}]},"42":{"line":332,"type":"if","locations":[{"start":{"line":332,"column":4},"end":{"line":332,"column":4}},{"start":{"line":332,"column":4},"end":{"line":332,"column":4}}]},"43":{"line":336,"type":"if","locations":[{"start":{"line":336,"column":4},"end":{"line":336,"column":4}},{"start":{"line":336,"column":4},"end":{"line":336,"column":4}}]},"44":{"line":343,"type":"if","locations":[{"start":{"line":343,"column":6},"end":{"line":343,"column":6}},{"start":{"line":343,"column":6},"end":{"line":343,"column":6}}]},"45":{"line":365,"type":"if","locations":[{"start":{"line":365,"column":6},"end":{"line":365,"column":6}},{"start":{"line":365,"column":6},"end":{"line":365,"column":6}}]},"46":{"line":369,"type":"if","locations":[{"start":{"line":369,"column":6},"end":{"line":369,"column":6}},{"start":{"line":369,"column":6},"end":{"line":369,"column":6}}]},"47":{"line":369,"type":"binary-expr","locations":[{"start":{"line":369,"column":10},"end":{"line":369,"column":16}},{"start":{"line":369,"column":21},"end":{"line":369,"column":38}}]},"48":{"line":375,"type":"if","locations":[{"start":{"line":375,"column":8},"end":{"line":375,"column":8}},{"start":{"line":375,"column":8},"end":{"line":375,"column":8}}]},"49":{"line":377,"type":"if","locations":[{"start":{"line":377,"column":14},"end":{"line":377,"column":14}},{"start":{"line":377,"column":14},"end":{"line":377,"column":14}}]},"50":{"line":381,"type":"if","locations":[{"start":{"line":381,"column":8},"end":{"line":381,"column":8}},{"start":{"line":381,"column":8},"end":{"line":381,"column":8}}]},"51":{"line":385,"type":"if","locations":[{"start":{"line":385,"column":8},"end":{"line":385,"column":8}},{"start":{"line":385,"column":8},"end":{"line":385,"column":8}}]},"52":{"line":392,"type":"if","locations":[{"start":{"line":392,"column":10},"end":{"line":392,"column":10}},{"start":{"line":392,"column":10},"end":{"line":392,"column":10}}]},"53":{"line":402,"type":"if","locations":[{"start":{"line":402,"column":10},"end":{"line":402,"column":10}},{"start":{"line":402,"column":10},"end":{"line":402,"column":10}}]},"54":{"line":431,"type":"if","locations":[{"start":{"line":431,"column":4},"end":{"line":431,"column":4}},{"start":{"line":431,"column":4},"end":{"line":431,"column":4}}]},"55":{"line":460,"type":"if","locations":[{"start":{"line":460,"column":10},"end":{"line":460,"column":10}},{"start":{"line":460,"column":10},"end":{"line":460,"column":10}}]},"56":{"line":495,"type":"if","locations":[{"start":{"line":495,"column":4},"end":{"line":495,"column":4}},{"start":{"line":495,"column":4},"end":{"line":495,"column":4}}]},"57":{"line":512,"type":"if","locations":[{"start":{"line":512,"column":2},"end":{"line":512,"column":2}},{"start":{"line":512,"column":2},"end":{"line":512,"column":2}}]},"58":{"line":514,"type":"if","locations":[{"start":{"line":514,"column":8},"end":{"line":514,"column":8}},{"start":{"line":514,"column":8},"end":{"line":514,"column":8}}]},"59":{"line":518,"type":"if","locations":[{"start":{"line":518,"column":2},"end":{"line":518,"column":2}},{"start":{"line":518,"column":2},"end":{"line":518,"column":2}}]},"60":{"line":522,"type":"if","locations":[{"start":{"line":522,"column":2},"end":{"line":522,"column":2}},{"start":{"line":522,"column":2},"end":{"line":522,"column":2}}]},"61":{"line":529,"type":"if","locations":[{"start":{"line":529,"column":2},"end":{"line":529,"column":2}},{"start":{"line":529,"column":2},"end":{"line":529,"column":2}}]},"62":{"line":531,"type":"if","locations":[{"start":{"line":531,"column":8},"end":{"line":531,"column":8}},{"start":{"line":531,"column":8},"end":{"line":531,"column":8}}]},"63":{"line":535,"type":"if","locations":[{"start":{"line":535,"column":2},"end":{"line":535,"column":2}},{"start":{"line":535,"column":2},"end":{"line":535,"column":2}}]},"64":{"line":539,"type":"if","locations":[{"start":{"line":539,"column":2},"end":{"line":539,"column":2}},{"start":{"line":539,"column":2},"end":{"line":539,"column":2}}]},"65":{"line":547,"type":"if","locations":[{"start":{"line":547,"column":4},"end":{"line":547,"column":4}},{"start":{"line":547,"column":4},"end":{"line":547,"column":4}}]}}},"G:\\Janani\\Tasks\\CCSProject\\routes\\profile.userProfile.server.routes.js":{"path":"G:\\Janani\\Tasks\\CCSProject\\routes\\profile.userProfile.server.routes.js","s":{"1":1,"2":1,"3":1},"b":{},"f":{"1":1},"fnMap":{"1":{"name":"(anonymous_1)","line":8,"loc":{"start":{"line":8,"column":17},"end":{"line":8,"column":31}}}},"statementMap":{"1":{"start":{"line":8,"column":0},"end":{"line":20,"column":2}},"2":{"start":{"line":9,"column":2},"end":{"line":9,"column":84}},"3":{"start":{"line":13,"column":2},"end":{"line":13,"column":34}}},"branchMap":{}},"G:\\Janani\\Tasks\\CCSProject\\controllers\\profile.userProfile.server.controller.js":{"path":"G:\\Janani\\Tasks\\CCSProject\\controllers\\profile.userProfile.server.controller.js","s":{"1":1,"2":1,"3":1,"4":1,"5":1,"6":0,"7":0,"8":0,"9":0,"10":0,"11":0,"12":0,"13":0,"14":0,"15":0,"16":0,"17":0,"18":0,"19":0,"20":1,"21":1,"22":0,"23":0,"24":0,"25":0,"26":0,"27":0,"28":0,"29":0,"30":0,"31":0,"32":1,"33":0,"34":0,"35":0,"36":0,"37":0,"38":1,"39":0,"40":0,"41":0,"42":1},"b":{"1":[0,0],"2":[0,0],"3":[0,0],"4":[0,0],"5":[0,0],"6":[0,0],"7":[0,0],"8":[0,0],"9":[0,0]},"f":{"1":0,"2":0,"3":0,"4":0,"5":0,"6":0,"7":0,"8":0,"9":0,"10":0,"11":0,"12":0},"fnMap":{"1":{"name":"(anonymous_1)","line":15,"loc":{"start":{"line":15,"column":17},"end":{"line":15,"column":42}}},"2":{"name":"(anonymous_2)","line":18,"loc":{"start":{"line":18,"column":14},"end":{"line":18,"column":39}}},"3":{"name":"(anonymous_3)","line":29,"loc":{"start":{"line":29,"column":58},"end":{"line":29,"column":77}}},"4":{"name":"(anonymous_4)","line":33,"loc":{"start":{"line":33,"column":63},"end":{"line":33,"column":81}}},"5":{"name":"(anonymous_5)","line":49,"loc":{"start":{"line":49,"column":31},"end":{"line":49,"column":49}}},"6":{"name":"(anonymous_6)","line":62,"loc":{"start":{"line":62,"column":18},"end":{"line":62,"column":36}}},"7":{"name":"(anonymous_7)","line":67,"loc":{"start":{"line":67,"column":14},"end":{"line":67,"column":31}}},"8":{"name":"(anonymous_8)","line":73,"loc":{"start":{"line":73,"column":35},"end":{"line":73,"column":53}}},"9":{"name":"(anonymous_9)","line":75,"loc":{"start":{"line":75,"column":18},"end":{"line":75,"column":36}}},"10":{"name":"(anonymous_10)","line":80,"loc":{"start":{"line":80,"column":14},"end":{"line":80,"column":31}}},"11":{"name":"(anonymous_11)","line":85,"loc":{"start":{"line":85,"column":27},"end":{"line":85,"column":46}}},"12":{"name":"(anonymous_12)","line":86,"loc":{"start":{"line":86,"column":19},"end":{"line":86,"column":29}}}},"statementMap":{"1":{"start":{"line":5,"column":0},"end":{"line":5,"column":70}},"2":{"start":{"line":7,"column":0},"end":{"line":7,"column":33}},"3":{"start":{"line":9,"column":0},"end":{"line":9,"column":31}},"4":{"start":{"line":11,"column":0},"end":{"line":11,"column":30}},"5":{"start":{"line":14,"column":0},"end":{"line":42,"column":3}},"6":{"start":{"line":16,"column":8},"end":{"line":16,"column":43}},"7":{"start":{"line":19,"column":8},"end":{"line":19,"column":39}},"8":{"start":{"line":20,"column":8},"end":{"line":20,"column":46}},"9":{"start":{"line":21,"column":8},"end":{"line":21,"column":59}},"10":{"start":{"line":23,"column":8},"end":{"line":26,"column":10}},"11":{"start":{"line":28,"column":8},"end":{"line":28,"column":26}},"12":{"start":{"line":29,"column":8},"end":{"line":40,"column":11}},"13":{"start":{"line":30,"column":12},"end":{"line":39,"column":13}},"14":{"start":{"line":31,"column":16},"end":{"line":31,"column":38}},"15":{"start":{"line":32,"column":16},"end":{"line":32,"column":53}},"16":{"start":{"line":33,"column":16},"end":{"line":38,"column":19}},"17":{"start":{"line":34,"column":19},"end":{"line":37,"column":20}},"18":{"start":{"line":35,"column":23},"end":{"line":35,"column":44}},"19":{"start":{"line":36,"column":23},"end":{"line":36,"column":51}},"20":{"start":{"line":44,"column":0},"end":{"line":46,"column":18}},"21":{"start":{"line":49,"column":0},"end":{"line":71,"column":3}},"22":{"start":{"line":51,"column":4},"end":{"line":51,"column":69}},"23":{"start":{"line":53,"column":4},"end":{"line":53,"column":43}},"24":{"start":{"line":55,"column":4},"end":{"line":59,"column":5}},"25":{"start":{"line":56,"column":6},"end":{"line":56,"column":28}},"26":{"start":{"line":58,"column":6},"end":{"line":58,"column":60}},"27":{"start":{"line":61,"column":4},"end":{"line":69,"column":15}},"28":{"start":{"line":63,"column":14},"end":{"line":66,"column":15}},"29":{"start":{"line":64,"column":16},"end":{"line":64,"column":46}},"30":{"start":{"line":65,"column":16},"end":{"line":65,"column":37}},"31":{"start":{"line":68,"column":16},"end":{"line":68,"column":47}},"32":{"start":{"line":73,"column":0},"end":{"line":83,"column":3}},"33":{"start":{"line":74,"column":4},"end":{"line":82,"column":15}},"34":{"start":{"line":76,"column":14},"end":{"line":79,"column":15}},"35":{"start":{"line":77,"column":18},"end":{"line":77,"column":48}},"36":{"start":{"line":78,"column":18},"end":{"line":78,"column":39}},"37":{"start":{"line":81,"column":16},"end":{"line":81,"column":47}},"38":{"start":{"line":85,"column":0},"end":{"line":91,"column":3}},"39":{"start":{"line":86,"column":4},"end":{"line":88,"column":7}},"40":{"start":{"line":87,"column":8},"end":{"line":87,"column":35}},"41":{"start":{"line":90,"column":4},"end":{"line":90,"column":31}},"42":{"start":{"line":95,"column":0},"end":{"line":95,"column":24}}},"branchMap":{"1":{"line":30,"type":"if","locations":[{"start":{"line":30,"column":12},"end":{"line":30,"column":12}},{"start":{"line":30,"column":12},"end":{"line":30,"column":12}}]},"2":{"line":30,"type":"binary-expr","locations":[{"start":{"line":30,"column":15},"end":{"line":30,"column":22}},{"start":{"line":30,"column":26},"end":{"line":30,"column":44}}]},"3":{"line":34,"type":"if","locations":[{"start":{"line":34,"column":19},"end":{"line":34,"column":19}},{"start":{"line":34,"column":19},"end":{"line":34,"column":19}}]},"4":{"line":34,"type":"binary-expr","locations":[{"start":{"line":34,"column":22},"end":{"line":34,"column":28}},{"start":{"line":34,"column":32},"end":{"line":34,"column":49}}]},"5":{"line":55,"type":"if","locations":[{"start":{"line":55,"column":4},"end":{"line":55,"column":4}},{"start":{"line":55,"column":4},"end":{"line":55,"column":4}}]},"6":{"line":63,"type":"if","locations":[{"start":{"line":63,"column":14},"end":{"line":63,"column":14}},{"start":{"line":63,"column":14},"end":{"line":63,"column":14}}]},"7":{"line":63,"type":"binary-expr","locations":[{"start":{"line":63,"column":18},"end":{"line":63,"column":25}},{"start":{"line":63,"column":29},"end":{"line":63,"column":47}}]},"8":{"line":76,"type":"if","locations":[{"start":{"line":76,"column":14},"end":{"line":76,"column":14}},{"start":{"line":76,"column":14},"end":{"line":76,"column":14}}]},"9":{"line":76,"type":"binary-expr","locations":[{"start":{"line":76,"column":18},"end":{"line":76,"column":25}},{"start":{"line":76,"column":29},"end":{"line":76,"column":47}}]}}},"G:\\Janani\\Tasks\\CCSProject\\routes\\profile.adminProfile.server.routes.js":{"path":"G:\\Janani\\Tasks\\CCSProject\\routes\\profile.adminProfile.server.routes.js","s":{"1":1,"2":1,"3":1},"b":{},"f":{"1":1},"fnMap":{"1":{"name":"(anonymous_1)","line":6,"loc":{"start":{"line":6,"column":17},"end":{"line":6,"column":31}}}},"statementMap":{"1":{"start":{"line":6,"column":0},"end":{"line":12,"column":2}},"2":{"start":{"line":8,"column":2},"end":{"line":8,"column":84}},"3":{"start":{"line":10,"column":2},"end":{"line":10,"column":56}}},"branchMap":{}},"G:\\Janani\\Tasks\\CCSProject\\controllers\\profile.adminProfile.server.controller.js":{"path":"G:\\Janani\\Tasks\\CCSProject\\controllers\\profile.adminProfile.server.controller.js","s":{"1":1,"2":1,"3":0,"4":0,"5":0,"6":0,"7":0,"8":0,"9":0},"b":{"1":[0,0],"2":[0,0]},"f":{"1":0,"2":0,"3":0},"fnMap":{"1":{"name":"(anonymous_1)","line":6,"loc":{"start":{"line":6,"column":25},"end":{"line":6,"column":43}}},"2":{"name":"(anonymous_2)","line":9,"loc":{"start":{"line":9,"column":18},"end":{"line":9,"column":36}}},"3":{"name":"(anonymous_3)","line":14,"loc":{"start":{"line":14,"column":14},"end":{"line":14,"column":31}}}},"statementMap":{"1":{"start":{"line":4,"column":0},"end":{"line":4,"column":70}},"2":{"start":{"line":6,"column":0},"end":{"line":20,"column":2}},"3":{"start":{"line":7,"column":4},"end":{"line":7,"column":69}},"4":{"start":{"line":8,"column":4},"end":{"line":18,"column":15}},"5":{"start":{"line":10,"column":14},"end":{"line":13,"column":15}},"6":{"start":{"line":11,"column":16},"end":{"line":11,"column":50}},"7":{"start":{"line":12,"column":16},"end":{"line":12,"column":49}},"8":{"start":{"line":15,"column":16},"end":{"line":17,"column":17}},"9":{"start":{"line":16,"column":20},"end":{"line":16,"column":51}}},"branchMap":{"1":{"line":10,"type":"if","locations":[{"start":{"line":10,"column":14},"end":{"line":10,"column":14}},{"start":{"line":10,"column":14},"end":{"line":10,"column":14}}]},"2":{"line":15,"type":"if","locations":[{"start":{"line":15,"column":16},"end":{"line":15,"column":16}},{"start":{"line":15,"column":16},"end":{"line":15,"column":16}}]}}},"G:\\Janani\\Tasks\\CCSProject\\routes\\profile.logout.server.routes.js":{"path":"G:\\Janani\\Tasks\\CCSProject\\routes\\profile.logout.server.routes.js","s":{"1":1,"2":1,"3":1},"b":{},"f":{"1":1},"fnMap":{"1":{"name":"(anonymous_1)","line":9,"loc":{"start":{"line":9,"column":17},"end":{"line":9,"column":31}}}},"statementMap":{"1":{"start":{"line":9,"column":0},"end":{"line":15,"column":2}},"2":{"start":{"line":11,"column":2},"end":{"line":11,"column":78}},"3":{"start":{"line":13,"column":2},"end":{"line":13,"column":40}}},"branchMap":{}},"G:\\Janani\\Tasks\\CCSProject\\controllers\\profile.logout.server.controller.js":{"path":"G:\\Janani\\Tasks\\CCSProject\\controllers\\profile.logout.server.controller.js","s":{"1":1,"2":0,"3":0},"b":{},"f":{"1":0},"fnMap":{"1":{"name":"(anonymous_1)","line":6,"loc":{"start":{"line":6,"column":17},"end":{"line":6,"column":35}}}},"statementMap":{"1":{"start":{"line":6,"column":0},"end":{"line":9,"column":2}},"2":{"start":{"line":7,"column":2},"end":{"line":7,"column":24}},"3":{"start":{"line":8,"column":2},"end":{"line":8,"column":73}}},"branchMap":{}},"G:\\Janani\\Tasks\\CCSProject\\routes\\profile.onlinePayment.server.routes.js":{"path":"G:\\Janani\\Tasks\\CCSProject\\routes\\profile.onlinePayment.server.routes.js","s":{"1":1,"2":1,"3":1},"b":{},"f":{"1":1},"fnMap":{"1":{"name":"(anonymous_1)","line":5,"loc":{"start":{"line":5,"column":17},"end":{"line":5,"column":31}}}},"statementMap":{"1":{"start":{"line":5,"column":0},"end":{"line":14,"column":2}},"2":{"start":{"line":6,"column":4},"end":{"line":6,"column":82}},"3":{"start":{"line":10,"column":4},"end":{"line":10,"column":27}}},"branchMap":{}},"G:\\Janani\\Tasks\\CCSProject\\controllers\\profile.onlinePayment.server.controller.js":{"path":"G:\\Janani\\Tasks\\CCSProject\\controllers\\profile.onlinePayment.server.controller.js","s":{"1":1,"2":1,"3":1,"4":1,"5":1,"6":1,"7":1,"8":1,"9":1,"10":1,"11":1,"12":0,"13":1,"14":0,"15":1,"16":0,"17":0,"18":0,"19":0,"20":0,"21":0,"22":0,"23":0,"24":1},"b":{"1":[0,0],"2":[0,0],"3":[0,0],"4":[0,0],"5":[0,0],"6":[0,0]},"f":{"1":0,"2":0,"3":0},"fnMap":{"1":{"name":"(anonymous_1)","line":25,"loc":{"start":{"line":25,"column":25},"end":{"line":25,"column":44}}},"2":{"name":"(anonymous_2)","line":29,"loc":{"start":{"line":29,"column":27},"end":{"line":29,"column":46}}},"3":{"name":"response","line":35,"loc":{"start":{"line":35,"column":30},"end":{"line":35,"column":58}}}},"statementMap":{"1":{"start":{"line":4,"column":0},"end":{"line":4,"column":35}},"2":{"start":{"line":6,"column":0},"end":{"line":6,"column":33}},"3":{"start":{"line":9,"column":0},"end":{"line":9,"column":24}},"4":{"start":{"line":10,"column":0},"end":{"line":10,"column":33}},"5":{"start":{"line":11,"column":0},"end":{"line":11,"column":24}},"6":{"start":{"line":12,"column":0},"end":{"line":12,"column":42}},"7":{"start":{"line":13,"column":0},"end":{"line":13,"column":30}},"8":{"start":{"line":16,"column":0},"end":{"line":19,"column":2}},"9":{"start":{"line":20,"column":0},"end":{"line":20,"column":31}},"10":{"start":{"line":22,"column":0},"end":{"line":22,"column":30}},"11":{"start":{"line":25,"column":0},"end":{"line":27,"column":3}},"12":{"start":{"line":26,"column":4},"end":{"line":26,"column":30}},"13":{"start":{"line":29,"column":0},"end":{"line":31,"column":3}},"14":{"start":{"line":30,"column":4},"end":{"line":30,"column":30}},"15":{"start":{"line":35,"column":0},"end":{"line":55,"column":3}},"16":{"start":{"line":36,"column":4},"end":{"line":36,"column":45}},"17":{"start":{"line":38,"column":4},"end":{"line":54,"column":5}},"18":{"start":{"line":39,"column":8},"end":{"line":39,"column":34}},"19":{"start":{"line":42,"column":11},"end":{"line":54,"column":5}},"20":{"start":{"line":43,"column":8},"end":{"line":43,"column":36}},"21":{"start":{"line":46,"column":11},"end":{"line":54,"column":5}},"22":{"start":{"line":47,"column":8},"end":{"line":47,"column":34}},"23":{"start":{"line":51,"column":8},"end":{"line":51,"column":38}},"24":{"start":{"line":57,"column":0},"end":{"line":57,"column":24}}},"branchMap":{"1":{"line":38,"type":"if","locations":[{"start":{"line":38,"column":4},"end":{"line":38,"column":4}},{"start":{"line":38,"column":4},"end":{"line":38,"column":4}}]},"2":{"line":38,"type":"binary-expr","locations":[{"start":{"line":38,"column":7},"end":{"line":38,"column":35}},{"start":{"line":38,"column":39},"end":{"line":38,"column":59}}]},"3":{"line":42,"type":"if","locations":[{"start":{"line":42,"column":11},"end":{"line":42,"column":11}},{"start":{"line":42,"column":11},"end":{"line":42,"column":11}}]},"4":{"line":42,"type":"binary-expr","locations":[{"start":{"line":42,"column":14},"end":{"line":42,"column":42}},{"start":{"line":42,"column":46},"end":{"line":42,"column":66}}]},"5":{"line":46,"type":"if","locations":[{"start":{"line":46,"column":11},"end":{"line":46,"column":11}},{"start":{"line":46,"column":11},"end":{"line":46,"column":11}}]},"6":{"line":46,"type":"binary-expr","locations":[{"start":{"line":46,"column":14},"end":{"line":46,"column":42}},{"start":{"line":46,"column":46},"end":{"line":46,"column":66}}]}}},"G:\\Janani\\Tasks\\CCSProject\\routes\\forum.home.server.routes.js":{"path":"G:\\Janani\\Tasks\\CCSProject\\routes\\forum.home.server.routes.js","s":{"1":1,"2":1,"3":1},"b":{},"f":{"1":1},"fnMap":{"1":{"name":"(anonymous_1)","line":1,"loc":{"start":{"line":1,"column":17},"end":{"line":1,"column":31}}}},"statementMap":{"1":{"start":{"line":1,"column":0},"end":{"line":4,"column":2}},"2":{"start":{"line":2,"column":2},"end":{"line":2,"column":72}},"3":{"start":{"line":3,"column":2},"end":{"line":3,"column":27}}},"branchMap":{}},"G:\\Janani\\Tasks\\CCSProject\\controllers\\forum.home.server.controller.js":{"path":"G:\\Janani\\Tasks\\CCSProject\\controllers\\forum.home.server.controller.js","s":{"1":1,"2":1,"3":1,"4":1,"5":0,"6":0,"7":0,"8":1,"9":0,"10":0,"11":0,"12":1,"13":0,"14":0,"15":0,"16":1,"17":0,"18":0,"19":0,"20":1},"b":{"1":[0,0],"2":[0,0],"3":[0,0],"4":[0,0]},"f":{"1":0,"2":0,"3":0,"4":0,"5":0,"6":0,"7":0,"8":0},"fnMap":{"1":{"name":"(anonymous_1)","line":7,"loc":{"start":{"line":7,"column":24},"end":{"line":7,"column":43}}},"2":{"name":"(anonymous_2)","line":9,"loc":{"start":{"line":9,"column":12},"end":{"line":9,"column":36}}},"3":{"name":"(anonymous_3)","line":16,"loc":{"start":{"line":16,"column":34},"end":{"line":16,"column":53}}},"4":{"name":"(anonymous_4)","line":18,"loc":{"start":{"line":18,"column":12},"end":{"line":18,"column":36}}},"5":{"name":"(anonymous_5)","line":25,"loc":{"start":{"line":25,"column":27},"end":{"line":25,"column":46}}},"6":{"name":"(anonymous_6)","line":27,"loc":{"start":{"line":27,"column":12},"end":{"line":27,"column":36}}},"7":{"name":"(anonymous_7)","line":35,"loc":{"start":{"line":35,"column":23},"end":{"line":35,"column":42}}},"8":{"name":"(anonymous_8)","line":37,"loc":{"start":{"line":37,"column":12},"end":{"line":37,"column":36}}}},"statementMap":{"1":{"start":{"line":1,"column":0},"end":{"line":1,"column":33}},"2":{"start":{"line":3,"column":0},"end":{"line":3,"column":55}},"3":{"start":{"line":5,"column":0},"end":{"line":5,"column":30}},"4":{"start":{"line":7,"column":0},"end":{"line":14,"column":5}},"5":{"start":{"line":8,"column":4},"end":{"line":13,"column":9}},"6":{"start":{"line":10,"column":8},"end":{"line":12,"column":9}},"7":{"start":{"line":11,"column":10},"end":{"line":11,"column":28}},"8":{"start":{"line":16,"column":0},"end":{"line":23,"column":5}},"9":{"start":{"line":17,"column":4},"end":{"line":22,"column":9}},"10":{"start":{"line":19,"column":8},"end":{"line":21,"column":9}},"11":{"start":{"line":20,"column":10},"end":{"line":20,"column":28}},"12":{"start":{"line":25,"column":0},"end":{"line":33,"column":5}},"13":{"start":{"line":26,"column":4},"end":{"line":31,"column":9}},"14":{"start":{"line":28,"column":8},"end":{"line":30,"column":9}},"15":{"start":{"line":29,"column":10},"end":{"line":2
[...]
":27,"column":65}},"14":{"start":{"line":29,"column":20},"end":{"line":29,"column":40}},"15":{"start":{"line":43,"column":4},"end":{"line":58,"column":6}},"16":{"start":{"line":44,"column":8},"end":{"line":44,"column":30}},"17":{"start":{"line":46,"column":8},"end":{"line":46,"column":72}},"18":{"start":{"line":46,"column":46},"end":{"line":46,"column":72}},"19":{"start":{"line":47,"column":8},"end":{"line":53,"column":11}},"20":{"start":{"line":48,"column":11},"end":{"line":52,"column":29}},"21":{"start":{"line":49,"column":15},"end":{"line":49,"column":36}},"22":{"start":{"line":52,"column":12},"end":{"line":52,"column":29}},"23":{"start":{"line":60,"column":4},"end":{"line":97,"column":6}},"24":{"start":{"line":62,"column":8},"end":{"line":62,"column":30}},"25":{"start":{"line":64,"column":8},"end":{"line":64,"column":73}},"26":{"start":{"line":64,"column":46},"end":{"line":64,"column":73}},"27":{"start":{"line":66,"column":8},"end":{"line":66,"column":19}},"28":{"start":{"line":67,"column":8},"end":{"line":67,"column":21}},"29":{"start":{"line":70,"column":8},"end":{"line":95,"column":9}},"30":{"start":{"line":71,"column":12},"end":{"line":71,"column":56}},"31":{"start":{"line":71,"column":32},"end":{"line":71,"column":56}},"32":{"start":{"line":72,"column":8},"end":{"line":72,"column":33}},"33":{"start":{"line":73,"column":8},"end":{"line":73,"column":64}},"34":{"start":{"line":74,"column":8},"end":{"line":93,"column":11}},"35":{"start":{"line":75,"column":12},"end":{"line":91,"column":9}},"36":{"start":{"line":76,"column":16},"end":{"line":76,"column":38}},"37":{"start":{"line":83,"column":14},"end":{"line":90,"column":17}},"38":{"start":{"line":84,"column":16},"end":{"line":88,"column":17}},"39":{"start":{"line":85,"column":18},"end":{"line":85,"column":86}},"40":{"start":{"line":87,"column":18},"end":{"line":87,"column":44}},"41":{"start":{"line":99,"column":4},"end":{"line":111,"column":6}},"42":{"start":{"line":100,"column":8},"end":{"line":100,"column":28}},"43":{"start":{"line":101,"column":8},"end":{"line":101,"column":72}},"44":{"start":{"line":101,"column":46},"end":{"line":101,"column":72}},"45":{"start":{"line":103,"column":6},"end":{"line":109,"column":7}},"46":{"start":{"line":104,"column":10},"end":{"line":107,"column":42}},"47":{"start":{"line":105,"column":14},"end":{"line":105,"column":35}},"48":{"start":{"line":107,"column":12},"end":{"line":107,"column":42}},"49":{"start":{"line":114,"column":4},"end":{"line":126,"column":6}},"50":{"start":{"line":115,"column":6},"end":{"line":115,"column":26}},"51":{"start":{"line":116,"column":8},"end":{"line":116,"column":72}},"52":{"start":{"line":116,"column":46},"end":{"line":116,"column":72}},"53":{"start":{"line":118,"column":6},"end":{"line":124,"column":7}},"54":{"start":{"line":119,"column":10},"end":{"line":122,"column":42}},"55":{"start":{"line":120,"column":14},"end":{"line":120,"column":35}},"56":{"start":{"line":122,"column":12},"end":{"line":122,"column":42}},"57":{"start":{"line":128,"column":4},"end":{"line":131,"column":6}},"58":{"start":{"line":129,"column":8},"end":{"line":129,"column":54}},"59":{"start":{"line":130,"column":8},"end":{"line":130,"column":42}},"60":{"start":{"line":134,"column":4},"end":{"line":147,"column":6}},"61":{"start":{"line":136,"column":6},"end":{"line":136,"column":32}},"62":{"start":{"line":137,"column":8},"end":{"line":137,"column":72}},"63":{"start":{"line":137,"column":46},"end":{"line":137,"column":72}},"64":{"start":{"line":138,"column":8},"end":{"line":142,"column":11}},"65":{"start":{"line":139,"column":12},"end":{"line":141,"column":47}},"66":{"start":{"line":139,"column":31},"end":{"line":139,"column":50}},"67":{"start":{"line":141,"column":16},"end":{"line":141,"column":47}}},"branchMap":{"1":{"line":17,"type":"if","locations":[{"start":{"line":17,"column":16},"end":{"line":17,"column":16}},{"start":{"line":17,"column":16},"end":{"line":17,"column":16}}]},"2":{"line":46,"type":"if","locations":[{"start":{"line":46,"column":8},"end":{"line":46,"column":8}},{"start":{"line":46,"column":8},"end":{"line":46,"column":8}}]},"3":{"line":46,"type":"binary-expr","locations":[{"start":{"line":46,"column":11},"end":{"line":46,"column":18}},{"start":{"line":46,"column":22},"end":{"line":46,"column":31}},{"start":{"line":46,"column":35},"end":{"line":46,"column":44}}]},"4":{"line":48,"type":"if","locations":[{"start":{"line":48,"column":11},"end":{"line":48,"column":11}},{"start":{"line":48,"column":11},"end":{"line":48,"column":11}}]},"5":{"line":64,"type":"if","locations":[{"start":{"line":64,"column":8},"end":{"line":64,"column":8}},{"start":{"line":64,"column":8},"end":{"line":64,"column":8}}]},"6":{"line":64,"type":"binary-expr","locations":[{"start":{"line":64,"column":11},"end":{"line":64,"column":18}},{"start":{"line":64,"column":22},"end":{"line":64,"column":31}},{"start":{"line":64,"column":35},"end":{"line":64,"column":44}}]},"7":{"line":71,"type":"if","locations":[{"start":{"line":71,"column":12},"end":{"line":71,"column":12}},{"start":{"line":71,"column":12},"end":{"line":71,"column":12}}]},"8":{"line":75,"type":"if","locations":[{"start":{"line":75,"column":12},"end":{"line":75,"column":12}},{"start":{"line":75,"column":12},"end":{"line":75,"column":12}}]},"9":{"line":84,"type":"if","locations":[{"start":{"line":84,"column":16},"end":{"line":84,"column":16}},{"start":{"line":84,"column":16},"end":{"line":84,"column":16}}]},"10":{"line":101,"type":"if","locations":[{"start":{"line":101,"column":8},"end":{"line":101,"column":8}},{"start":{"line":101,"column":8},"end":{"line":101,"column":8}}]},"11":{"line":101,"type":"binary-expr","locations":[{"start":{"line":101,"column":11},"end":{"line":101,"column":18}},{"start":{"line":101,"column":22},"end":{"line":101,"column":31}},{"start":{"line":101,"column":35},"end":{"line":101,"column":44}}]},"12":{"line":104,"type":"if","locations":[{"start":{"line":104,"column":10},"end":{"line":104,"column":10}},{"start":{"line":104,"column":10},"end":{"line":104,"column":10}}]},"13":{"line":116,"type":"if","locations":[{"start":{"line":116,"column":8},"end":{"line":116,"column":8}},{"start":{"line":116,"column":8},"end":{"line":116,"column":8}}]},"14":{"line":116,"type":"binary-expr","locations":[{"start":{"line":116,"column":11},"end":{"line":116,"column":18}},{"start":{"line":116,"column":22},"end":{"line":116,"column":31}},{"start":{"line":116,"column":35},"end":{"line":116,"column":44}}]},"15":{"line":119,"type":"if","locations":[{"start":{"line":119,"column":10},"end":{"line":119,"column":10}},{"start":{"line":119,"column":10},"end":{"line":119,"column":10}}]},"16":{"line":137,"type":"if","locations":[{"start":{"line":137,"column":8},"end":{"line":137,"column":8}},{"start":{"line":137,"column":8},"end":{"line":137,"column":8}}]},"17":{"line":137,"type":"binary-expr","locations":[{"start":{"line":137,"column":11},"end":{"line":137,"column":18}},{"start":{"line":137,"column":22},"end":{"line":137,"column":31}},{"start":{"line":137,"column":35},"end":{"line":137,"column":44}}]},"18":{"line":139,"type":"if","locations":[{"start":{"line":139,"column":12},"end":{"line":139,"column":12}},{"start":{"line":139,"column":12},"end":{"line":139,"column":12}}]}}},"G:\\Janani\\Tasks\\CCSProject\\routes\\project.projectReg.server.route.js":{"path":"G:\\Janani\\Tasks\\CCSProject\\routes\\project.projectReg.server.route.js","s":{"1":1,"2":1,"3":1,"4":1,"5":1,"6":1},"b":{},"f":{"1":1},"fnMap":{"1":{"name":"(anonymous_1)","line":1,"loc":{"start":{"line":1,"column":17},"end":{"line":1,"column":31}}}},"statementMap":{"1":{"start":{"line":1,"column":0},"end":{"line":7,"column":2}},"2":{"start":{"line":2,"column":2},"end":{"line":2,"column":75}},"3":{"start":{"line":3,"column":2},"end":{"line":3,"column":47}},"4":{"start":{"line":4,"column":2},"end":{"line":4,"column":46}},"5":{"start":{"line":5,"column":2},"end":{"line":5,"column":45}},"6":{"start":{"line":6,"column":2},"end":{"line":6,"column":47}}},"branchMap":{}},"G:\\Janani\\Tasks\\CCSProject\\controllers\\project.projectReg.server.controller.js":{"path":"G:\\Janani\\Tasks\\CCSProject\\controllers\\project.projectReg.server.controller.js","s":{"1":1,"2":1,"3":1,"4":1,"5":1,"6":1,"7":0,"8":1,"9":0,"10":0,"11":0,"12":0,"13":1,"14":0,"15":0,"16":0,"17":0,"18":0,"19":1,"20":0,"21":0,"22":0,"23":0,"24":0,"25":0,"26":1,"27":0,"28":0,"29":0,"30":0,"31":0},"b":{"1":[0,0],"2":[0,0],"3":[0,0],"4":[0,0]},"f":{"1":0,"2":0,"3":0,"4":0,"5":0,"6":0,"7":0,"8":0,"9":0},"fnMap":{"1":{"name":"(anonymous_1)","line":7,"loc":{"start":{"line":7,"column":13},"end":{"line":7,"column":30}}},"2":{"name":"(anonymous_2)","line":11,"loc":{"start":{"line":11,"column":22},"end":{"line":11,"column":39}}},"3":{"name":"(anonymous_3)","line":12,"loc":{"start":{"line":12,"column":26},"end":{"line":12,"column":46}}},"4":{"name":"(anonymous_4)","line":22,"loc":{"start":{"line":22,"column":20},"end":{"line":22,"column":37}}},"5":{"name":"(anonymous_5)","line":24,"loc":{"start":{"line":24,"column":32},"end":{"line":24,"column":52}}},"6":{"name":"(anonymous_6)","line":34,"loc":{"start":{"line":34,"column":20},"end":{"line":34,"column":37}}},"7":{"name":"(anonymous_7)","line":36,"loc":{"start":{"line":36,"column":44},"end":{"line":36,"column":64}}},"8":{"name":"(anonymous_8)","line":47,"loc":{"start":{"line":47,"column":22},"end":{"line":47,"column":39}}},"9":{"name":"(anonymous_9)","line":49,"loc":{"start":{"line":49,"column":34},"end":{"line":49,"column":54}}}},"statementMap":{"1":{"start":{"line":2,"column":0},"end":{"line":2,"column":27}},"2":{"start":{"line":3,"column":0},"end":{"line":3,"column":34}},"3":{"start":{"line":4,"column":0},"end":{"line":4,"column":42}},"4":{"start":{"line":5,"column":0},"end":{"line":5,"column":59}},"5":{"start":{"line":6,"column":0},"end":{"line":6,"column":42}},"6":{"start":{"line":7,"column":0},"end":{"line":9,"column":2}},"7":{"start":{"line":8,"column":2},"end":{"line":8,"column":48}},"8":{"start":{"line":11,"column":0},"end":{"line":20,"column":2}},"9":{"start":{"line":12,"column":2},"end":{"line":19,"column":5}},"10":{"start":{"line":13,"column":4},"end":{"line":18,"column":5}},"11":{"start":{"line":14,"column":6},"end":{"line":14,"column":20}},"12":{"start":{"line":17,"column":6},"end":{"line":17,"column":23}},"13":{"start":{"line":22,"column":0},"end":{"line":32,"column":2}},"14":{"start":{"line":23,"column":2},"end":{"line":23,"column":20}},"15":{"start":{"line":24,"column":2},"end":{"line":31,"column":5}},"16":{"start":{"line":25,"column":4},"end":{"line":30,"column":5}},"17":{"start":{"line":26,"column":6},"end":{"line":26,"column":20}},"18":{"start":{"line":29,"column":6},"end":{"line":29,"column":23}},"19":{"start":{"line":34,"column":0},"end":{"line":45,"column":2}},"20":{"start":{"line":35,"column":2},"end":{"line":35,"column":20}},"21":{"start":{"line":36,"column":2},"end":{"line":44,"column":5}},"22":{"start":{"line":37,"column":4},"end":{"line":37,"column":24}},"23":{"start":{"line":38,"column":4},"end":{"line":43,"column":5}},"24":{"start":{"line":39,"column":6},"end":{"line":39,"column":20}},"25":{"start":{"line":42,"column":6},"end":{"line":42,"column":23}},"26":{"start":{"line":47,"column":0},"end":{"line":57,"column":2}},"27":{"start":{"line":48,"column":2},"end":{"line":48,"column":23}},"28":{"start":{"line":49,"column":2},"end":{"line":56,"column":5}},"29":{"start":{"line":50,"column":4},"end":{"line":55,"column":5}},"30":{"start":{"line":51,"column":6},"end":{"line":51,"column":20}},"31":{"start":{"line":54,"column":6},"end":{"line":54,"column":23}}},"branchMap":{"1":{"line":13,"type":"if","locations":[{"start":{"line":13,"column":4},"end":{"line":13,"column":4}},{"start":{"line":13,"column":4},"end":{"line":13,"column":4}}]},"2":{"line":25,"type":"if","locations":[{"start":{"line":25,"column":4},"end":{"line":25,"column":4}},{"start":{"line":25,"column":4},"end":{"line":25,"column":4}}]},"3":{"line":38,"type":"if","locations":[{"start":{"line":38,"column":4},"end":{"line":38,"column":4}},{"start":{"line":38,"column":4},"end":{"line":38,"column":4}}]},"4":{"line":50,"type":"if","locations":[{"start":{"line":50,"column":4},"end":{"line":50,"column":4}},{"start":{"line":50,"column":4},"end":{"line":50,"column":4}}]}}},"G:\\Janani\\Tasks\\CCSProject\\config\\db\\projectRegManager.js":{"path":"G:\\Janani\\Tasks\\CCSProject\\config\\db\\projectRegManager.js","s":{"1":1,"2":1,"3":0,"4":0,"5":0,"6":0,"7":0,"8":0,"9":0,"10":0,"11":0,"12":1,"13":0,"14":0,"15":0,"16":0,"17":0,"18":0,"19":0,"20":0,"21":0,"22":1,"23":0,"24":0,"25":0,"26":0,"27":0,"28":0,"29":0,"30":0,"31":0,"32":1,"33":0,"34":0,"35":0,"36":0,"37":0,"38":0,"39":0,"40":0,"41":0,"42":0},"b":{"1":[0,0],"2":[0,0],"3":[0,0],"4":[0,0],"5":[0,0]},"f":{"1":1,"2":0,"3":0,"4":0,"5":0,"6":0,"7":0,"8":0,"9":0},"fnMap":{"1":{"name":"(anonymous_1)","line":1,"loc":{"start":{"line":1,"column":15},"end":{"line":1,"column":35}}},"2":{"name":"(anonymous_2)","line":2,"loc":{"start":{"line":2,"column":21},"end":{"line":2,"column":33}}},"3":{"name":"(anonymous_3)","line":6,"loc":{"start":{"line":6,"column":29},"end":{"line":6,"column":50}}},"4":{"name":"(anonymous_4)","line":18,"loc":{"start":{"line":18,"column":22},"end":{"line":18,"column":39}}},"5":{"name":"(anonymous_5)","line":22,"loc":{"start":{"line":22,"column":34},"end":{"line":22,"column":55}}},"6":{"name":"(anonymous_6)","line":35,"loc":{"start":{"line":35,"column":22},"end":{"line":35,"column":42}}},"7":{"name":"(anonymous_7)","line":39,"loc":{"start":{"line":39,"column":34},"end":{"line":39,"column":55}}},"8":{"name":"(anonymous_8)","line":53,"loc":{"start":{"line":53,"column":24},"end":{"line":53,"column":41}}},"9":{"name":"(anonymous_9)","line":57,"loc":{"start":{"line":57,"column":34},"end":{"line":57,"column":55}}}},"statementMap":{"1":{"start":{"line":1,"column":0},"end":{"line":70,"column":2}},"2":{"start":{"line":2,"column":4},"end":{"line":16,"column":6}},"3":{"start":{"line":3,"column":8},"end":{"line":3,"column":244}},"4":{"start":{"line":4,"column":8},"end":{"line":4,"column":50}},"5":{"start":{"line":5,"column":8},"end":{"line":5,"column":34}},"6":{"start":{"line":6,"column":8},"end":{"line":15,"column":11}},"7":{"start":{"line":7,"column":12},"end":{"line":14,"column":13}},"8":{"start":{"line":8,"column":16},"end":{"line":8,"column":32}},"9":{"start":{"line":9,"column":16},"end":{"line":9,"column":68}},"10":{"start":{"line":12,"column":16},"end":{"line":12,"column":37}},"11":{"start":{"line":13,"column":16},"end":{"line":13,"column":32}},"12":{"start":{"line":18,"column":4},"end":{"line":34,"column":6}},"13":{"start":{"line":19,"column":8},"end":{"line":19,"column":50}},"14":{"start":{"line":20,"column":8},"end":{"line":20,"column":50}},"15":{"start":{"line":21,"column":8},"end":{"line":21,"column":34}},"16":{"start":{"line":22,"column":8},"end":{"line":33,"column":11}},"17":{"start":{"line":23,"column":12},"end":{"line":32,"column":13}},"18":{"start":{"line":25,"column":16},"end":{"line":25,"column":32}},"19":{"start":{"line":26,"column":16},"end":{"line":26,"column":63}},"20":{"start":{"line":30,"column":16},"end":{"line":30,"column":37}},"21":{"start":{"line":31,"column":16},"end":{"line":31,"column":32}},"22":{"start":{"line":35,"column":4},"end":{"line":52,"column":6}},"23":{"start":{"line":36,"column":8},"end":{"line":36,"column":60}},"24":{"start":{"line":37,"column":8},"end":{"line":37,"column":50}},"25":{"start":{"line":38,"column":8},"end":{"line":38,"column":34}},"26":{"start":{"line":39,"column":8},"end":{"line":51,"column":11}},"27":{"start":{"line":40,"column":12},"end":{"line":49,"column":13}},"28":{"start":{"line":42,"column":16},"end":{"line":42,"column":32}},"29":{"start":{"line":43,"column":16},"end":{"line":43,"column":65}},"30":{"start":{"line":47,"column":16},"end":{"line":47,"column":37}},"31":{"start":{"line":48,"column":16},"end":{"line":48,"column":32}},"32":{"start":{"line":53,"column":4},"end":{"line":69,"column":6}},"33":{"start":{"line":54,"column":8},"end":{"line":54,"column":58}},"34":{"start":{"line":55,"column":8},"end":{"line":55,"column":34}},"35":{"start":{"line":56,"column":8},"end":{"line":56,"column":52}},"36":{"start":{"line":56,"column":25},"end":{"line":56,"column":52}},"37":{"start":{"line":57,"column":8},"end":{"line":68,"column":11}},"38":{"start":{"line":58,"column":12},"end":{"line":67,"column":13}},"39":{"start":{"line":60,"column":16},"end":{"line":60,"column":32}},"40":{"start":{"line":61,"column":16},"end":{"line":61,"column":65}},"41":{"start":{"line":65,"column":16},"end":{"line":65,"column":37}},"42":{"start":{"line":66,"column":16},"end":{"line":66,"column":32}}},"branchMap":{"1":{"line":7,"type":"if","locations":[{"start":{"line":7,"column":12},"end":{"line":7,"column":12}},{"start":{"line":7,"column":12},"end":{"line":7,"column":12}}]},"2":{"line":23,"type":"if","locations":[{"start":{"line":23,"column":12},"end":{"line":23,"column":12}},{"start":{"line":23,"column":12},"end":{"line":23,"column":12}}]},"3":{"line":40,"type":"if","locations":[{"start":{"line":40,"column":12},"end":{"line":40,"column":12}},{"start":{"line":40,"column":12},"end":{"line":40,"column":12}}]},"4":{"line":56,"type":"if","locations":[{"start":{"line":56,"column":8},"end":{"line":56,"column":8}},{"start":{"line":56,"column":8},"end":{"line":56,"column":8}}]},"5":{"line":58,"type":"if","locations":[{"start":{"line":58,"column":12},"end":{"line":58,"column":12}},{"start":{"line":58,"column":12},"end":{"line":58,"column":12}}]}}},"G:\\Janani\\Tasks\\CCSProject\\routes\\security.server.routes.js":{"path":"G:\\Janani\\Tasks\\CCSProject\\routes\\security.server.routes.js","s":{"1":1,"2":1,"3":1},"b":{},"f":{"1":1},"fnMap":{"1":{"name":"(anonymous_1)","line":2,"loc":{"start":{"line":2,"column":17},"end":{"line":2,"column":31}}}},"statementMap":{"1":{"start":{"line":2,"column":0},"end":{"line":6,"column":2}},"2":{"start":{"line":3,"column":2},"end":{"line":3,"column":70}},"3":{"start":{"line":5,"column":2},"end":{"line":5,"column":56}}},"branchMap":{}},"G:\\Janani\\Tasks\\CCSProject\\controllers\\security.server.controller.js":{"path":"G:\\Janani\\Tasks\\CCSProject\\controllers\\security.server.controller.js","s":{"1":1,"2":1,"3":1,"4":0},"b":{"1":[1,0],"2":[1,1]},"f":{"1":1},"fnMap":{"1":{"name":"(anonymous_1)","line":4,"loc":{"start":{"line":4,"column":26},"end":{"line":4,"column":44}}}},"statementMap":{"1":{"start":{"line":4,"column":0},"end":{"line":10,"column":2}},"2":{"start":{"line":5,"column":2},"end":{"line":9,"column":3}},"3":{"start":{"line":6,"column":4},"end":{"line":6,"column":31}},"4":{"start":{"line":8,"column":4},"end":{"line":8,"column":19}}},"branchMap":{"1":{"line":5,"type":"if","locations":[{"start":{"line":5,"column":2},"end":{"line":5,"column":2}},{"start":{"line":5,"column":2},"end":{"line":5,"column":2}}]},"2":{"line":5,"type":"binary-expr","locations":[{"start":{"line":5,"column":6},"end":{"line":5,"column":17}},{"start":{"line":5,"column":21},"end":{"line":5,"column":37}}]}}},"G:\\Janani\\Tasks\\CCSProject\\routes\\layout.server.routes.js":{"path":"G:\\Janani\\Tasks\\CCSProject\\routes\\layout.server.routes.js","s":{"1":1,"2":1,"3":1},"b":{},"f":{"1":1},"fnMap":{"1":{"name":"(anonymous_1)","line":1,"loc":{"start":{"line":1,"column":17},"end":{"line":1,"column":31}}}},"statementMap":{"1":{"start":{"line":1,"column":0},"end":{"line":5,"column":2}},"2":{"start":{"line":2,"column":2},"end":{"line":2,"column":67}},"3":{"start":{"line":4,"column":2},"end":{"line":4,"column":28}}},"branchMap":{}},"G:\\Janani\\Tasks\\CCSProject\\controllers\\layout.server.controller.js":{"path":"G:\\Janani\\Tasks\\CCSProject\\controllers\\layout.server.controller.js","s":{"1":1,"2":1},"b":{},"f":{"1":1},"fnMap":{"1":{"name":"(anonymous_1)","line":2,"loc":{"start":{"line":2,"column":17},"end":{"line":2,"column":35}}}},"statementMap":{"1":{"start":{"line":2,"column":0},"end":{"line":4,"column":2}},"2":{"start":{"line":3,"column":2},"end":{"line":3,"column":48}}},"branchMap":{}}}