TN:
SF:G:\Janani\Tasks\CCSProject\server.js
FN:7,(anonymous_1)
FNF:1
FNH:1
FNDA:1,(anonymous_1)
DA:1,1
DA:3,1
DA:5,1
DA:7,1
DA:8,1
DA:9,1
DA:12,1
LF:7
LH:7
BRDA:1,1,0,1
BRDA:1,1,1,1
BRF:2
BRH:2
end_of_record
TN:
SF:G:\Janani\Tasks\CCSProject\config\express.js
FN:12,(anonymous_1)
FN:33,(anonymous_2)
FN:46,(anonymous_3)
FNF:3
FNH:3
FNDA:1,(anonymous_1)
FNDA:63,(anonymous_2)
FNDA:63,(anonymous_3)
DA:2,1
DA:12,1
DA:13,1
DA:15,1
DA:16,1
DA:19,1
DA:23,1
DA:25,1
DA:27,1
DA:33,1
DA:34,63
DA:35,63
DA:36,63
DA:39,1
DA:41,1
DA:42,1
DA:44,1
DA:46,1
DA:47,63
DA:48,63
DA:49,63
DA:50,63
DA:53,1
DA:55,1
DA:56,1
DA:57,1
DA:58,1
DA:59,1
DA:60,1
DA:61,1
DA:62,1
DA:63,1
DA:64,1
DA:65,1
DA:66,1
DA:68,1
DA:72,1
DA:73,1
DA:75,1
LF:39
LH:39
BRDA:15,1,0,1
BRDA:15,1,1,0
BRF:2
BRH:1
end_of_record
TN:
SF:G:\Janani\Tasks\CCSProject\config\config.js
FNF:0
FNH:0
DA:1,1
LF:1
LH:1
BRF:0
BRH:0
end_of_record
TN:
SF:G:\Janani\Tasks\CCSProject\config\env\development.js
FNF:0
FNH:0
DA:1,1
LF:1
LH:1
BRF:0
BRH:0
end_of_record
TN:
SF:G:\Janani\Tasks\CCSProject\routes\project.home.server.routes.js
FN:2,(anonymous_1)
FNF:1
FNH:1
FNDA:1,(anonymous_1)
DA:2,1
DA:3,1
DA:6,1
DA:7,1
DA:8,1
DA:9,1
DA:10,1
LF:7
LH:7
BRF:0
BRH:0
end_of_record
TN:
SF:G:\Janani\Tasks\CCSProject\controllers\project.home.server.controller.js
FN:8,(anonymous_1)
FN:9,(anonymous_2)
FN:21,(anonymous_3)
FN:22,(anonymous_4)
FN:33,(anonymous_5)
FN:34,(anonymous_6)
FN:46,(anonymous_7)
FN:47,(anonymous_8)
FN:59,(anonymous_9)
FN:61,(anonymous_10)
FNF:10
FNH:0
FNDA:0,(anonymous_1)
FNDA:0,(anonymous_2)
FNDA:0,(anonymous_3)
FNDA:0,(anonymous_4)
FNDA:0,(anonymous_5)
FNDA:0,(anonymous_6)
FNDA:0,(anonymous_7)
FNDA:0,(anonymous_8)
FNDA:0,(anonymous_9)
FNDA:0,(anonymous_10)
DA:2,1
DA:6,1
DA:8,1
DA:9,0
DA:11,0
DA:14,0
DA:15,0
DA:21,1
DA:22,0
DA:24,0
DA:27,0
DA:28,0
DA:33,1
DA:34,0
DA:36,0
DA:39,0
DA:41,0
DA:46,1
DA:47,0
DA:49,0
DA:52,0
DA:53,0
DA:59,1
DA:60,0
DA:61,0
DA:63,0
DA:66,0
DA:67,0
LF:28
LH:7
BRDA:11,1,0,0
BRDA:11,1,1,0
BRDA:24,2,0,0
BRDA:24,2,1,0
BRDA:36,3,0,0
BRDA:36,3,1,0
BRDA:49,4,0,0
BRDA:49,4,1,0
BRDA:63,5,0,0
BRDA:63,5,1,0
BRF:10
BRH:0
end_of_record
TN:
SF:G:\Janani\Tasks\CCSProject\config\db.js
FNF:0
FNH:0
DA:1,1
LF:1
LH:1
BRF:0
BRH:0
end_of_record
TN:
SF:G:\Janani\Tasks\CCSProject\routes\profile.login.server.routes.js
FN:5,(anonymous_1)
FNF:1
FNH:1
FNDA:1,(anonymous_1)
DA:5,1
DA:6,1
DA:10,1
LF:3
LH:3
BRF:0
BRH:0
end_of_record
TN:
SF:G:\Janani\Tasks\CCSProject\controllers\profile.login.server.controller.js
FN:21,(anonymous_1)
FN:25,(anonymous_2)
FN:36,(anonymous_3)
FN:38,(anonymous_4)
FN:54,(anonymous_5)
FN:56,(anonymous_6)
FN:68,(anonymous_7)
FN:70,(anonymous_8)
FN:77,(anonymous_9)
FNF:9
FNH:6
FNDA:1,(anonymous_1)
FNDA:59,(anonymous_2)
FNDA:1,(anonymous_3)
FNDA:1,(anonymous_4)
FNDA:0,(anonymous_5)
FNDA:0,(anonymous_6)
FNDA:1,(anonymous_7)
FNDA:1,(anonymous_8)
FNDA:0,(anonymous_9)
DA:5,1
DA:7,1
DA:9,1
DA:11,1
DA:13,1
DA:15,1
DA:17,1
DA:19,1
DA:21,1
DA:22,1
DA:25,1
DA:26,59
DA:29,1
DA:37,1
DA:39,1
DA:40,1
DA:41,1
DA:48,1
DA:55,0
DA:57,0
DA:58,0
DA:59,0
DA:61,0
DA:68,1
DA:69,1
DA:71,1
DA:72,1
DA:73,1
DA:75,0
DA:78,0
DA:82,1
DA:84,1
DA:88,1
DA:91,1
DA:95,1
LF:35
LH:28
BRDA:39,1,0,1
BRDA:39,1,1,0
BRDA:39,2,0,1
BRDA:39,2,1,1
BRDA:57,3,0,0
BRDA:57,3,1,0
BRDA:57,4,0,0
BRDA:57,4,1,0
BRDA:71,5,0,1
BRDA:71,5,1,0
BRDA:71,6,0,1
BRDA:71,6,1,1
BRF:12
BRH:6
end_of_record
TN:
SF:G:\Janani\Tasks\CCSProject\config\auth.js
FNF:0
FNH:0
DA:1,1
LF:1
LH:1
BRF:0
BRH:0
end_of_record
TN:
SF:G:\Janani\Tasks\CCSProject\config\db\loginManager.js
FN:9,getUserValidity
FN:24,(anonymous_2)
FNF:2
FNH:2
FNDA:1,getUserValidity
FNDA:1,(anonymous_2)
DA:4,1
DA:5,1
DA:6,1
DA:7,1
DA:9,1
DA:10,1
DA:12,1
DA:13,1
DA:14,1
DA:15,1
DA:16,1
DA:17,1
DA:18,1
DA:19,1
DA:20,1
DA:21,1
DA:23,1
DA:24,1
DA:25,1
DA:26,0
DA:27,0
DA:29,1
DA:31,1
DA:34,1
LF:24
LH:22
BRDA:25,1,0,0
BRDA:25,1,1,1
BRF:2
BRH:1
end_of_record
TN:
SF:G:\Janani\Tasks\CCSProject\config\db\personaldataManager.js
FN:18,getUserDetails
FN:31,(anonymous_2)
FN:41,getPersonalData
FN:56,(anonymous_4)
FN:65,updatePersonalData
FN:67,(anonymous_6)
FN:82,(anonymous_7)
FN:87,(anonymous_8)
FN:96,deletePersonalData
FN:102,(anonymous_10)
FN:112,updateImage
FN:114,(anonymous_12)
FN:120,updateFacebookPersonalData
FN:138,(anonymous_14)
FN:143,(anonymous_15)
FN:163,(anonymous_16)
FN:183,(anonymous_17)
FN:185,(anonymous_18)
FN:191,(anonymous_19)
FN:193,(anonymous_20)
FN:204,updateFacebookProfilePicture
FN:217,(anonymous_22)
FN:222,(anonymous_23)
FN:225,(anonymous_24)
FN:230,(anonymous_25)
FN:234,(anonymous_26)
FN:240,(anonymous_27)
FN:251,deleteFacebookProfileData
FN:257,(anonymous_29)
FN:267,insertFacebookProfileData
FN:301,(anonymous_31)
FN:313,updateGooglePersonalData
FN:341,(anonymous_33)
FN:344,(anonymous_34)
FN:364,(anonymous_35)
FN:390,(anonymous_36)
FN:393,(anonymous_37)
FN:401,(anonymous_38)
FN:403,(anonymous_39)
FN:416,updateGoogleProfilePicture
FN:430,(anonymous_41)
FN:436,(anonymous_42)
FN:442,(anonymous_43)
FN:451,(anonymous_44)
FN:458,(anonymous_45)
FN:468,(anonymous_46)
FN:486,deleteGoogleProfileData
FN:494,(anonymous_48)
FN:506,insertGoogleProfileData
FN:546,(anonymous_50)
FNF:50
FNH:21
FNDA:0,getUserDetails
FNDA:0,(anonymous_2)
FNDA:2,getPersonalData
FNDA:2,(anonymous_4)
FNDA:2,updatePersonalData
FNDA:2,(anonymous_6)
FNDA:2,(anonymous_7)
FNDA:2,(anonymous_8)
FNDA:2,deletePersonalData
FNDA:2,(anonymous_10)
FNDA:1,updateImage
FNDA:1,(anonymous_12)
FNDA:1,updateFacebookPersonalData
FNDA:0,(anonymous_14)
FNDA:0,(anonymous_15)
FNDA:1,(anonymous_16)
FNDA:1,(anonymous_17)
FNDA:1,(anonymous_18)
FNDA:0,(anonymous_19)
FNDA:0,(anonymous_20)
FNDA:1,updateFacebookProfilePicture
FNDA:1,(anonymous_22)
FNDA:1,(anonymous_23)
FNDA:2,(anonymous_24)
FNDA:1,(anonymous_25)
FNDA:1,(anonymous_26)
FNDA:1,(anonymous_27)
FNDA:0,deleteFacebookProfileData
FNDA:0,(anonymous_29)
FNDA:0,insertFacebookProfileData
FNDA:0,(anonymous_31)
FNDA:0,updateGooglePersonalData
FNDA:0,(anonymous_33)
FNDA:0,(anonymous_34)
FNDA:0,(anonymous_35)
FNDA:0,(anonymous_36)
FNDA:0,(anonymous_37)
FNDA:0,(anonymous_38)
FNDA:0,(anonymous_39)
FNDA:0,updateGoogleProfilePicture
FNDA:0,(anonymous_41)
FNDA:0,(anonymous_42)
FNDA:0,(anonymous_43)
FNDA:0,(anonymous_44)
FNDA:0,(anonymous_45)
FNDA:0,(anonymous_46)
FNDA:0,deleteGoogleProfileData
FNDA:0,(anonymous_48)
FNDA:0,insertGoogleProfileData
FNDA:0,(anonymous_50)
DA:5,1
DA:7,1
DA:9,1
DA:11,1
DA:13,1
DA:15,1
DA:16,1
DA:18,1
DA:19,0
DA:21,0
DA:22,0
DA:23,0
DA:24,0
DA:25,0
DA:26,0
DA:27,0
DA:28,0
DA:29,0
DA:31,0
DA:32,0
DA:33,0
DA:34,0
DA:36,0
DA:38,0
DA:41,1
DA:42,2
DA:44,2
DA:45,2
DA:46,2
DA:47,2
DA:48,2
DA:49,2
DA:50,2
DA:51,2
DA:52,2
DA:54,2
DA:56,2
DA:57,2
DA:58,0
DA:60,2
DA:62,2
DA:65,1
DA:66,2
DA:67,2
DA:68,2
DA:69,2
DA:70,2
DA:71,2
DA:72,2
DA:73,2
DA:75,2
DA:81,2
DA:82,2
DA:83,2
DA:84,0
DA:85,0
DA:87,2
DA:88,2
DA:93,2
DA:96,1
DA:97,2
DA:98,2
DA:100,2
DA:101,2
DA:102,2
DA:103,2
DA:104,0
DA:105,0
DA:107,2
DA:109,2
DA:112,1
DA:113,1
DA:114,1
DA:115,1
DA:117,1
DA:120,1
DA:121,1
DA:122,1
DA:123,1
DA:124,0
DA:125,0
DA:126,0
DA:127,0
DA:128,0
DA:129,0
DA:130,0
DA:132,0
DA:133,0
DA:135,0
DA:136,0
DA:138,0
DA:139,0
DA:140,0
DA:142,0
DA:143,0
DA:145,0
DA:151,1
DA:152,1
DA:153,1
DA:154,1
DA:155,1
DA:156,1
DA:157,1
DA:158,1
DA:159,1
DA:161,1
DA:162,1
DA:163,1
DA:164,1
DA:165,0
DA:166,0
DA:168,1
DA:169,1
DA:170,1
DA:171,1
DA:172,1
DA:173,0
DA:174,1
DA:175,1
DA:177,1
DA:178,0
DA:180,1
DA:181,0
DA:183,1
DA:184,1
DA:185,1
DA:186,1
DA:191,0
DA:192,0
DA:193,0
DA:194,0
DA:201,1
DA:204,1
DA:205,1
DA:207,1
DA:208,1
DA:209,1
DA:210,1
DA:211,1
DA:212,1
DA:213,1
DA:214,1
DA:215,1
DA:217,1
DA:218,1
DA:219,0
DA:220,0
DA:222,1
DA:223,1
DA:224,1
DA:225,1
DA:227,2
DA:228,2
DA:230,1
DA:232,1
DA:233,1
DA:234,1
DA:235,1
DA:236,0
DA:238,1
DA:239,1
DA:240,1
DA:241,1
DA:248,1
DA:251,1
DA:252,0
DA:253,0
DA:255,0
DA:256,0
DA:257,0
DA:258,0
DA:259,0
DA:260,0
DA:262,0
DA:264,0
DA:267,1
DA:268,0
DA:269,0
DA:270,0
DA:271,0
DA:272,0
DA:273,0
DA:275,0
DA:276,0
DA:278,0
DA:279,0
DA:281,0
DA:283,0
DA:284,0
DA:285,0
DA:286,0
DA:289,0
DA:290,0
DA:293,0
DA:294,0
DA:297,0
DA:300,0
DA:301,0
DA:302,0
DA:303,0
DA:304,0
DA:306,0
DA:309,0
DA:313,1
DA:316,0
DA:318,0
DA:320,0
DA:322,0
DA:324,0
DA:325,0
DA:326,0
DA:327,0
DA:328,0
DA:329,0
DA:332,0
DA:333,0
DA:336,0
DA:338,0
DA:341,0
DA:342,0
DA:343,0
DA:344,0
DA:345,0
DA:352,0
DA:353,0
DA:354,0
DA:355,0
DA:356,0
DA:357,0
DA:358,0
DA:359,0
DA:360,0
DA:362,0
DA:363,0
DA:364,0
DA:365,0
DA:366,0
DA:367,0
DA:369,0
DA:371,0
DA:373,0
DA:374,0
DA:375,0
DA:376,0
DA:377,0
DA:378,0
DA:381,0
DA:382,0
DA:385,0
DA:387,0
DA:390,0
DA:391,0
DA:392,0
DA:393,0
DA:394,0
DA:401,0
DA:402,0
DA:403,0
DA:404,0
DA:413,0
DA:416,1
DA:418,0
DA:420,0
DA:421,0
DA:422,0
DA:423,0
DA:424,0
DA:425,0
DA:426,0
DA:427,0
DA:428,0
DA:430,0
DA:431,0
DA:432,0
DA:433,0
DA:436,0
DA:438,0
DA:440,0
DA:442,0
DA:445,0
DA:447,0
DA:451,0
DA:454,0
DA:456,0
DA:458,0
DA:460,0
DA:461,0
DA:464,0
DA:466,0
DA:468,0
DA:469,0
DA:482,0
DA:486,1
DA:488,0
DA:490,0
DA:492,0
DA:493,0
DA:494,0
DA:495,0
DA:496,0
DA:497,0
DA:499,0
DA:502,0
DA:506,1
DA:508,0
DA:510,0
DA:512,0
DA:513,0
DA:514,0
DA:515,0
DA:518,0
DA:519,0
DA:522,0
DA:524,0
DA:527,0
DA:529,0
DA:530,0
DA:531,0
DA:532,0
DA:535,0
DA:536,0
DA:539,0
DA:540,0
DA:543,0
DA:545,0
DA:546,0
DA:547,0
DA:548,0
DA:549,0
DA:551,0
DA:554,0
DA:558,1
LF:332
LH:121
BRDA:32,1,0,0
BRDA:32,1,1,0
BRDA:57,2,0,0
BRDA:57,2,1,2
BRDA:83,3,0,0
BRDA:83,3,1,2
BRDA:103,4,0,0
BRDA:103,4,1,2
BRDA:123,5,0,0
BRDA:123,5,1,1
BRDA:123,6,0,1
BRDA:123,6,1,1
BRDA:123,6,2,1
BRDA:127,7,0,0
BRDA:127,7,1,0
BRDA:129,8,0,0
BRDA:129,8,1,0
BRDA:132,9,0,0
BRDA:132,9,1,0
BRDA:135,10,0,0
BRDA:135,10,1,0
BRDA:135,11,0,0
BRDA:135,11,1,0
BRDA:139,12,0,0
BRDA:139,12,1,0
BRDA:142,13,0,0
BRDA:142,13,1,0
BRDA:164,14,0,0
BRDA:164,14,1,1
BRDA:168,15,0,1
BRDA:168,15,1,0
BRDA:168,16,0,1
BRDA:168,16,1,1
BRDA:172,17,0,0
BRDA:172,17,1,1
BRDA:174,18,0,1
BRDA:174,18,1,0
BRDA:177,19,0,0
BRDA:177,19,1,1
BRDA:180,20,0,0
BRDA:180,20,1,1
BRDA:180,21,0,1
BRDA:180,21,1,0
BRDA:184,22,0,1
BRDA:184,22,1,0
BRDA:192,23,0,0
BRDA:192,23,1,0
BRDA:218,24,0,0
BRDA:218,24,1,1
BRDA:235,25,0,0
BRDA:235,25,1,1
BRDA:258,26,0,0
BRDA:258,26,1,0
BRDA:270,27,0,0
BRDA:270,27,1,0
BRDA:272,28,0,0
BRDA:272,28,1,0
BRDA:275,29,0,0
BRDA:275,29,1,0
BRDA:278,30,0,0
BRDA:278,30,1,0
BRDA:278,31,0,0
BRDA:278,31,1,0
BRDA:283,32,0,0
BRDA:283,32,1,0
BRDA:285,33,0,0
BRDA:285,33,1,0
BRDA:289,34,0,0
BRDA:289,34,1,0
BRDA:293,35,0,0
BRDA:293,35,1,0
BRDA:293,36,0,0
BRDA:293,36,1,0
BRDA:302,37,0,0
BRDA:302,37,1,0
BRDA:320,38,0,0
BRDA:320,38,1,0
BRDA:320,39,0,0
BRDA:320,39,1,0
BRDA:320,39,2,0
BRDA:326,40,0,0
BRDA:326,40,1,0
BRDA:328,41,0,0
BRDA:328,41,1,0
BRDA:332,42,0,0
BRDA:332,42,1,0
BRDA:336,43,0,0
BRDA:336,43,1,0
BRDA:343,44,0,0
BRDA:343,44,1,0
BRDA:365,45,0,0
BRDA:365,45,1,0
BRDA:369,46,0,0
BRDA:369,46,1,0
BRDA:369,47,0,0
BRDA:369,47,1,0
BRDA:375,48,0,0
BRDA:375,48,1,0
BRDA:377,49,0,0
BRDA:377,49,1,0
BRDA:381,50,0,0
BRDA:381,50,1,0
BRDA:385,51,0,0
BRDA:385,51,1,0
BRDA:392,52,0,0
BRDA:392,52,1,0
BRDA:402,53,0,0
BRDA:402,53,1,0
BRDA:431,54,0,0
BRDA:431,54,1,0
BRDA:460,55,0,0
BRDA:460,55,1,0
BRDA:495,56,0,0
BRDA:495,56,1,0
BRDA:512,57,0,0
BRDA:512,57,1,0
BRDA:514,58,0,0
BRDA:514,58,1,0
BRDA:518,59,0,0
BRDA:518,59,1,0
BRDA:522,60,0,0
BRDA:522,60,1,0
BRDA:529,61,0,0
BRDA:529,61,1,0
BRDA:531,62,0,0
BRDA:531,62,1,0
BRDA:535,63,0,0
BRDA:535,63,1,0
BRDA:539,64,0,0
BRDA:539,64,1,0
BRDA:547,65,0,0
BRDA:547,65,1,0
BRF:132
BRH:19
end_of_record
TN:
SF:G:\Janani\Tasks\CCSProject\routes\profile.userProfile.server.routes.js
FN:8,(anonymous_1)
FNF:1
FNH:1
FNDA:1,(anonymous_1)
DA:8,1
DA:9,1
DA:13,1
LF:3
LH:3
BRF:0
BRH:0
end_of_record
TN:
SF:G:\Janani\Tasks\CCSProject\controllers\profile.userProfile.server.controller.js
FN:15,(anonymous_1)
FN:18,(anonymous_2)
FN:29,(anonymous_3)
FN:33,(anonymous_4)
FN:49,(anonymous_5)
FN:62,(anonymous_6)
FN:67,(anonymous_7)
FN:73,(anonymous_8)
FN:75,(anonymous_9)
FN:80,(anonymous_10)
FN:85,(anonymous_11)
FN:86,(anonymous_12)
FNF:12
FNH:0
FNDA:0,(anonymous_1)
FNDA:0,(anonymous_2)
FNDA:0,(anonymous_3)
FNDA:0,(anonymous_4)
FNDA:0,(anonymous_5)
FNDA:0,(anonymous_6)
FNDA:0,(anonymous_7)
FNDA:0,(anonymous_8)
FNDA:0,(anonymous_9)
FNDA:0,(anonymous_10)
FNDA:0,(anonymous_11)
FNDA:0,(anonymous_12)
DA:5,1
DA:7,1
DA:9,1
DA:11,1
DA:14,1
DA:16,0
DA:19,0
DA:20,0
DA:21,0
DA:23,0
DA:28,0
DA:29,0
DA:30,0
DA:31,0
DA:32,0
DA:33,0
DA:34,0
DA:35,0
DA:36,0
DA:44,1
DA:49,1
DA:51,0
DA:53,0
DA:55,0
DA:56,0
DA:58,0
DA:61,0
DA:63,0
DA:64,0
DA:65,0
DA:68,0
DA:73,1
DA:74,0
DA:76,0
DA:77,0
DA:78,0
DA:81,0
DA:85,1
DA:86,0
DA:87,0
DA:90,0
DA:95,1
LF:42
LH:10
BRDA:30,1,0,0
BRDA:30,1,1,0
BRDA:30,2,0,0
BRDA:30,2,1,0
BRDA:34,3,0,0
BRDA:34,3,1,0
BRDA:34,4,0,0
BRDA:34,4,1,0
BRDA:55,5,0,0
BRDA:55,5,1,0
BRDA:63,6,0,0
BRDA:63,6,1,0
BRDA:63,7,0,0
BRDA:63,7,1,0
BRDA:76,8,0,0
BRDA:76,8,1,0
BRDA:76,9,0,0
BRDA:76,9,1,0
BRF:18
BRH:0
end_of_record
TN:
SF:G:\Janani\Tasks\CCSProject\routes\profile.adminProfile.server.routes.js
FN:6,(anonymous_1)
FNF:1
FNH:1
FNDA:1,(anonymous_1)
DA:6,1
DA:8,1
DA:10,1
LF:3
LH:3
BRF:0
BRH:0
end_of_record
TN:
SF:G:\Janani\Tasks\CCSProject\controllers\profile.adminProfile.server.controller.js
FN:6,(anonymous_1)
FN:9,(anonymous_2)
FN:14,(anonymous_3)
FNF:3
FNH:0
FNDA:0,(anonymous_1)
FNDA:0,(anonymous_2)
FNDA:0,(anonymous_3)
DA:4,1
DA:6,1
DA:7,0
DA:8,0
DA:10,0
DA:11,0
DA:12,0
DA:15,0
DA:16,0
LF:9
LH:2
BRDA:10,1,0,0
BRDA:10,1,1,0
BRDA:15,2,0,0
BRDA:15,2,1,0
BRF:4
BRH:0
end_of_record
TN:
SF:G:\Janani\Tasks\CCSProject\routes\profile.logout.server.routes.js
FN:9,(anonymous_1)
FNF:1
FNH:1
FNDA:1,(anonymous_1)
DA:9,1
DA:11,1
DA:13,1
LF:3
LH:3
BRF:0
BRH:0
end_of_record
TN:
SF:G:\Janani\Tasks\CCSProject\controllers\profile.logout.server.controller.js
FN:6,(anonymous_1)
FNF:1
FNH:0
FNDA:0,(anonymous_1)
DA:6,1
DA:7,0
DA:8,0
LF:3
LH:1
BRF:0
BRH:0
end_of_record
TN:
SF:G:\Janani\Tasks\CCSProject\routes\profile.onlinePayment.server.routes.js
FN:5,(anonymous_1)
FNF:1
FNH:1
FNDA:1,(anonymous_1)
DA:5,1
DA:6,1
DA:10,1
LF:3
LH:3
BRF:0
BRH:0
end_of_record
TN:
SF:G:\Janani\Tasks\CCSProject\controllers\profile.onlinePayment.server.controller.js
FN:25,(anonymous_1)
FN:29,(anonymous_2)
FN:35,response
FNF:3
FNH:0
FNDA:0,(anonymous_1)
FNDA:0,(anonymous_2)
FNDA:0,response
DA:4,1
DA:6,1
DA:9,1
DA:10,1
DA:11,1
DA:12,1
DA:13,1
DA:16,1
DA:20,1
DA:22,1
DA:25,1
DA:26,0
DA:29,1
DA:30,0
DA:35,1
DA:36,0
DA:38,0
DA:39,0
DA:42,0
DA:43,0
DA:46,0
DA:47,0
DA:51,0
DA:57,1
LF:24
LH:14
BRDA:38,1,0,0
BRDA:38,1,1,0
BRDA:38,2,0,0
BRDA:38,2,1,0
BRDA:42,3,0,0
BRDA:42,3,1,0
BRDA:42,4,0,0
BRDA:42,4,1,0
BRDA:46,5,0,0
BRDA:46,5,1,0
BRDA:46,6,0,0
BRDA:46,6,1,0
BRF:12
BRH:0
end_of_record
TN:
SF:G:\Janani\Tasks\CCSProject\routes\forum.home.server.routes.js
FN:1,(anonymous_1)
FNF:1
FNH:1
FNDA:1,(anonymous_1)
DA:1,1
DA:2,1
DA:3,1
LF:3
LH:3
BRF:0
BRH:0
end_of_record
TN:
SF:G:\Janani\Tasks\CCSProject\controllers\forum.home.server.controller.js
FN:7,(anonymous_1)
FN:9,(anonymous_2)
FN:16,(anonymous_3)
FN:18,(anonymous_4)
FN:25,(anonymous_5)
FN:27,(anonymous_6)
FN:35,(anonymous_7)
FN:37,(anonymous_8)
FNF:8
FNH:0
FNDA:0,(anonymous_1)
FNDA:0,(anonymous_2)
FNDA:0,(anonymous_3)
FNDA:0,(anonymous_4)
FNDA:0,(anonymous_5)
FNDA:0,(anonymous_6)
FNDA:0,(anonymous_7)
FNDA:0,(anonymous_8)
DA:1,1
DA:3,1
DA:5,1
DA:7,1
DA:8,0
DA:10,0
DA:11,0
DA:16,1
DA:17,0
DA:19,0
DA:20,0
DA:25,1
DA:26,0
DA:28,0
DA:29,0
DA:35,1
DA:36,0
DA:38,0
DA:39,0
DA:44,1
LF:20
LH:8
BRDA:10,1,0,0
BRDA:10,1,1,0
BRDA:19,2,0,0
BRDA:19,2,1,0
BRDA:28,3,0,0
BRDA:28,3,1,0
BRDA:38,4,0,0
BRDA:38,4,1,0
BRF:8
BRH:0
end_of_record
TN:
SF:G:\Janani\Tasks\CCSProject\config\db\forumManager.js
FN:12,getForum
FN:23,(anonymous_2)
FN:35,(anonymous_3)
FN:43,(anonymous_4)
FN:70,postForumquestion
FN:72,(anonymous_6)
FN:83,postForumAnswer
FN:90,(anonymous_8)
FN:102,postForumRating
FN:104,(anonymous_10)
FNF:10
FNH:0
FNDA:0,getForum
FNDA:0,(anonymous_2)
FNDA:0,(anonymous_3)
FNDA:0,(anonymous_4)
FNDA:0,postForumquestion
FNDA:0,(anonymous_6)
FNDA:0,postForumAnswer
FNDA:0,(anonymous_8)
FNDA:0,postForumRating
FNDA:0,(anonymous_10)
DA:6,1
DA:7,1
DA:8,1
DA:9,1
DA:10,1
DA:12,1
DA:14,0
DA:15,0
DA:16,0
DA:18,0
DA:19,0
DA:21,0
DA:23,0
DA:24,0
DA:25,0
DA:26,0
DA:28,0
DA:29,0
DA:35,0
DA:37,0
DA:41,0
DA:43,0
DA:44,0
DA:45,0
DA:46,0
DA:50,0
DA:51,0
DA:55,0
DA:57,0
DA:58,0
DA:66,0
DA:70,1
DA:71,0
DA:72,0
DA:73,0
DA:74,0
DA:76,0
DA:80,0
DA:83,1
DA:84,0
DA:86,0
DA:90,0
DA:91,0
DA:93,0
DA:96,0
DA:99,0
DA:102,1
DA:103,0
DA:104,0
DA:106,0
DA:108,0
DA:111,0
DA:114,0
DA:117,1
LF:54
LH:10
BRDA:18,1,0,0
BRDA:18,1,1,0
BRDA:24,2,0,0
BRDA:24,2,1,0
BRDA:28,3,0,0
BRDA:28,3,1,0
BRDA:44,4,0,0
BRDA:44,4,1,0
BRDA:50,5,0,0
BRDA:50,5,1,0
BRDA:57,6,0,0
BRDA:57,6,1,0
BRDA:73,7,0,0
BRDA:73,7,1,0
BRDA:91,8,0,0
BRDA:91,8,1,0
BRDA:106,9,0,0
BRDA:106,9,1,0
BRF:18
BRH:0
end_of_record
TN:
SF:G:\Janani\Tasks\CCSProject\routes\documents.documentManager.server.routes.js
FN:1,(anonymous_1)
FNF:1
FNH:1
FNDA:1,(anonymous_1)
DA:1,1
DA:3,1
DA:5,1
DA:6,1
DA:7,1
LF:5
LH:5
BRF:0
BRH:0
end_of_record
TN:
SF:G:\Janani\Tasks\CCSProject\controllers\documents.documentManager.server.controller.js
FN:7,(anonymous_1)
FN:19,(anonymous_2)
FN:30,(anonymous_3)
FN:40,(anonymous_4)
FN:50,(anonymous_5)
FN:66,(anonymous_6)
FN:70,(anonymous_7)
FN:75,(anonymous_8)
FN:89,(anonymous_9)
FN:93,(anonymous_10)
FNF:10
FNH:0
FNDA:0,(anonymous_1)
FNDA:0,(anonymous_2)
FNDA:0,(anonymous_3)
FNDA:0,(anonymous_4)
FNDA:0,(anonymous_5)
FNDA:0,(anonymous_6)
FNDA:0,(anonymous_7)
FNDA:0,(anonymous_8)
FNDA:0,(anonymous_9)
FNDA:0,(anonymous_10)
DA:2,1
DA:3,1
DA:4,1
DA:7,1
DA:8,0
DA:9,0
DA:10,0
DA:11,0
DA:13,0
DA:15,0
DA:17,0
DA:19,0
DA:20,0
DA:21,0
DA:24,0
DA:25,0
DA:29,0
DA:30,0
DA:31,0
DA:32,0
DA:35,0
DA:36,0
DA:39,0
DA:40,0
DA:41,0
DA:42,0
DA:45,0
DA:46,0
DA:50,0
DA:51,0
DA:52,0
DA:55,0
DA:56,0
DA:66,1
DA:68,0
DA:69,0
DA:70,0
DA:71,0
DA:72,0
DA:73,0
DA:74,0
DA:75,0
DA:76,0
DA:77,0
DA:79,0
DA:81,0
DA:89,1
DA:90,0
DA:92,0
DA:93,0
DA:94,0
DA:95,0
LF:52
LH:6
BRDA:15,1,0,0
BRDA:15,1,1,0
BRDA:15,2,0,0
BRDA:15,2,1,0
BRDA:15,2,2,0
BRDA:15,2,3,0
BRDA:15,2,4,0
BRDA:15,2,5,0
BRDA:17,3,0,0
BRDA:17,3,1,0
BRDA:17,4,0,0
BRDA:17,4,1,0
BRDA:20,5,0,0
BRDA:20,5,1,0
BRDA:29,6,0,0
BRDA:29,6,1,0
BRDA:31,7,0,0
BRDA:31,7,1,0
BRDA:39,8,0,0
BRDA:39,8,1,0
BRDA:41,9,0,0
BRDA:41,9,1,0
BRDA:51,10,0,0
BRDA:51,10,1,0
BRDA:69,11,0,0
BRDA:69,11,1,0
BRDA:69,12,0,0
BRDA:69,12,1,0
BRDA:69,12,2,0
BRDA:71,13,0,0
BRDA:71,13,1,0
BRDA:72,14,0,0
BRDA:72,14,1,0
BRDA:76,15,0,0
BRDA:76,15,1,0
BRDA:92,16,0,0
BRDA:92,16,1,0
BRDA:92,17,0,0
BRDA:92,17,1,0
BRDA:92,17,2,0
BRF:40
BRH:0
end_of_record
TN:
SF:G:\Janani\Tasks\CCSProject\config\db\documents\documentdb.js
FN:13,(anonymous_1)
FN:18,(anonymous_2)
FN:35,(anonymous_3)
FN:39,(anonymous_4)
FN:55,(anonymous_5)
FN:59,(anonymous_6)
FN:74,(anonymous_7)
FN:88,(anonymous_8)
FN:103,(anonymous_9)
FN:115,(anonymous_10)
FN:131,(anonymous_11)
FN:137,(anonymous_12)
FN:153,(anonymous_13)
FN:159,(anonymous_14)
FN:175,(anonymous_15)
FN:181,(anonymous_16)
FN:197,(anonymous_17)
FN:202,(anonymous_18)
FN:208,(anonymous_19)
FN:213,(anonymous_20)
FNF:20
FNH:0
FNDA:0,(anonymous_1)
FNDA:0,(anonymous_2)
FNDA:0,(anonymous_3)
FNDA:0,(anonymous_4)
FNDA:0,(anonymous_5)
FNDA:0,(anonymous_6)
FNDA:0,(anonymous_7)
FNDA:0,(anonymous_8)
FNDA:0,(anonymous_9)
FNDA:0,(anonymous_10)
FNDA:0,(anonymous_11)
FNDA:0,(anonymous_12)
FNDA:0,(anonymous_13)
FNDA:0,(anonymous_14)
FNDA:0,(anonymous_15)
FNDA:0,(anonymous_16)
FNDA:0,(anonymous_17)
FNDA:0,(anonymous_18)
FNDA:0,(anonymous_19)
FNDA:0,(anonymous_20)
DA:3,1
DA:4,1
DA:5,1
DA:6,1
DA:13,1
DA:15,0
DA:16,0
DA:17,0
DA:18,0
DA:20,0
DA:22,0
DA:23,0
DA:27,0
DA:28,0
DA:35,1
DA:37,0
DA:38,0
DA:39,0
DA:41,0
DA:43,0
DA:44,0
DA:49,0
DA:50,0
DA:55,1
DA:57,0
DA:58,0
DA:59,0
DA:61,0
DA:63,0
DA:64,0
DA:68,0
DA:69,0
DA:74,1
DA:76,0
DA:77,0
DA:78,0
DA:80,0
DA:81,0
DA:83,0
DA:87,0
DA:88,0
DA:90,0
DA:92,0
DA:93,0
DA:97,0
DA:98,0
DA:103,1
DA:105,0
DA:106,0
DA:108,0
DA:109,0
DA:110,0
DA:111,0
DA:112,0
DA:113,0
DA:115,0
DA:117,0
DA:119,0
DA:120,0
DA:124,0
DA:125,0
DA:131,1
DA:133,0
DA:135,0
DA:136,0
DA:137,0
DA:139,0
DA:141,0
DA:142,0
DA:146,0
DA:147,0
DA:153,1
DA:155,0
DA:157,0
DA:158,0
DA:159,0
DA:161,0
DA:163,0
DA:164,0
DA:168,0
DA:169,0
DA:175,1
DA:177,0
DA:178,0
DA:179,0
DA:181,0
DA:183,0
DA:185,0
DA:186,0
DA:190,0
DA:191,0
DA:197,1
DA:199,0
DA:200,0
DA:201,0
DA:202,0
DA:203,0
DA:208,1
DA:210,0
DA:211,0
DA:212,0
DA:213,0
DA:215,0
LF:103
LH:14
BRDA:17,1,0,0
BRDA:17,1,1,0
BRDA:17,2,0,0
BRDA:17,2,1,0
BRDA:20,3,0,0
BRDA:20,3,1,0
BRDA:41,4,0,0
BRDA:41,4,1,0
BRDA:61,5,0,0
BRDA:61,5,1,0
BRDA:78,6,0,0
BRDA:78,6,1,0
BRDA:83,7,0,0
BRDA:83,7,1,0
BRDA:83,8,0,0
BRDA:83,8,1,0
BRDA:90,9,0,0
BRDA:90,9,1,0
BRDA:106,10,0,0
BRDA:106,10,1,0
BRDA:106,11,0,0
BRDA:106,11,1,0
BRDA:108,12,0,0
BRDA:108,12,1,0
BRDA:110,13,0,0
BRDA:110,13,1,0
BRDA:112,14,0,0
BRDA:112,14,1,0
BRDA:117,15,0,0
BRDA:117,15,1,0
BRDA:135,16,0,0
BRDA:135,16,1,0
BRDA:135,17,0,0
BRDA:135,17,1,0
BRDA:139,18,0,0
BRDA:139,18,1,0
BRDA:157,19,0,0
BRDA:157,19,1,0
BRDA:157,20,0,0
BRDA:157,20,1,0
BRDA:161,21,0,0
BRDA:161,21,1,0
BRDA:178,22,0,0
BRDA:178,22,1,0
BRDA:178,23,0,0
BRDA:178,23,1,0
BRDA:178,23,2,0
BRDA:178,23,3,0
BRDA:183,24,0,0
BRDA:183,24,1,0
BRDA:200,25,0,0
BRDA:200,25,1,0
BRDA:200,26,0,0
BRDA:200,26,1,0
BRDA:211,27,0,0
BRDA:211,27,1,0
BRDA:211,28,0,0
BRDA:211,28,1,0
BRF:58
BRH:0
end_of_record
TN:
SF:G:\Janani\Tasks\CCSProject\routes\documents.singleFileUpload.server.routes.js
FN:1,(anonymous_1)
FNF:1
FNH:1
FNDA:1,(anonymous_1)
DA:1,1
DA:4,1
DA:6,1
DA:7,1
LF:4
LH:4
BRF:0
BRH:0
end_of_record
TN:
SF:G:\Janani\Tasks\CCSProject\controllers\documents.singleFileUpload.server.controller.js
FN:8,(anonymous_1)
FN:19,(anonymous_2)
FN:42,(anonymous_3)
FN:45,(anonymous_4)
FN:50,(anonymous_5)
FN:52,(anonymous_6)
FNF:6
FNH:0
FNDA:0,(anonymous_1)
FNDA:0,(anonymous_2)
FNDA:0,(anonymous_3)
FNDA:0,(anonymous_4)
FNDA:0,(anonymous_5)
FNDA:0,(anonymous_6)
DA:1,1
DA:6,1
DA:8,1
DA:10,0
DA:11,0
DA:14,0
DA:15,0
DA:19,0
DA:22,0
DA:23,0
DA:24,0
DA:25,0
DA:26,0
DA:27,0
DA:28,0
DA:29,0
DA:30,0
DA:31,0
DA:33,0
DA:34,0
DA:36,0
DA:37,0
DA:42,1
DA:43,0
DA:44,0
DA:45,0
DA:46,0
DA:50,1
DA:52,0
DA:53,0
DA:55,0
LF:31
LH:5
BRDA:33,1,0,0
BRDA:33,1,1,0
BRDA:46,2,0,0
BRDA:46,2,1,0
BRDA:53,3,0,0
BRDA:53,3,1,0
BRF:6
BRH:0
end_of_record
TN:
SF:G:\Janani\Tasks\CCSProject\config\db\documents\departmentdb.js
FN:8,(anonymous_1)
FN:12,(anonymous_2)
FN:28,(anonymous_3)
FN:32,(anonymous_4)
FNF:4
FNH:0
FNDA:0,(anonymous_1)
FNDA:0,(anonymous_2)
FNDA:0,(anonymous_3)
FNDA:0,(anonymous_4)
DA:2,1
DA:3,1
DA:4,1
DA:8,1
DA:10,0
DA:12,0
DA:13,0
DA:15,0
DA:16,0
DA:20,0
DA:21,0
DA:28,1
DA:30,0
DA:31,0
DA:32,0
DA:33,0
DA:35,0
DA:36,0
DA:40,0
DA:41,0
LF:20
LH:5
BRDA:13,1,0,0
BRDA:13,1,1,0
BRDA:31,2,0,0
BRDA:31,2,1,0
BRDA:31,3,0,0
BRDA:31,3,1,0
BRDA:33,4,0,0
BRDA:33,4,1,0
BRF:8
BRH:0
end_of_record
TN:
SF:G:\Janani\Tasks\CCSProject\routes\documents.multipleFileUpload.server.routes.js
FN:1,(anonymous_1)
FNF:1
FNH:1
FNDA:1,(anonymous_1)
DA:1,1
DA:3,1
DA:4,1
LF:3
LH:3
BRF:0
BRH:0
end_of_record
TN:
SF:G:\Janani\Tasks\CCSProject\controllers\documents.multipleFileUpload.server.controller.js
FN:8,(anonymous_1)
FN:21,(anonymous_2)
FN:24,(anonymous_3)
FN:40,(anonymous_4)
FNF:4
FNH:0
FNDA:0,(anonymous_1)
FNDA:0,(anonymous_2)
FNDA:0,(anonymous_3)
FNDA:0,(anonymous_4)
DA:1,1
DA:8,1
DA:9,0
DA:10,0
DA:14,0
DA:16,0
DA:17,0
DA:18,0
DA:19,0
DA:20,0
DA:21,0
DA:22,0
DA:23,0
DA:24,0
DA:25,0
DA:26,0
DA:29,0
DA:34,0
DA:40,0
DA:42,0
DA:43,0
DA:44,0
DA:45,0
DA:46,0
DA:48,0
DA:49,0
DA:50,0
DA:51,0
DA:52,0
DA:53,0
DA:54,0
DA:59,0
DA:60,0
DA:61,0
DA:67,0
LF:35
LH:2
BRDA:25,1,0,0
BRDA:25,1,1,0
BRDA:42,2,0,0
BRDA:42,2,1,0
BRF:4
BRH:0
end_of_record
TN:
SF:G:\Janani\Tasks\CCSProject\routes\documents.star.server.routes.js
FN:1,(anonymous_1)
FNF:1
FNH:1
FNDA:1,(anonymous_1)
DA:1,1
DA:3,1
DA:4,1
DA:5,1
DA:6,1
LF:5
LH:5
BRF:0
BRH:0
end_of_record
TN:
SF:G:\Janani\Tasks\CCSProject\controllers\documents.star.server.controller.js
FN:5,(anonymous_1)
FN:11,(anonymous_2)
FN:20,(anonymous_3)
FN:25,(anonymous_4)
FN:34,(anonymous_5)
FN:39,(anonymous_6)
FNF:6
FNH:0
FNDA:0,(anonymous_1)
FNDA:0,(anonymous_2)
FNDA:0,(anonymous_3)
FNDA:0,(anonymous_4)
FNDA:0,(anonymous_5)
FNDA:0,(anonymous_6)
DA:3,1
DA:5,1
DA:6,0
DA:8,0
DA:10,0
DA:11,0
DA:12,0
DA:13,0
DA:14,0
DA:16,0
DA:20,1
DA:22,0
DA:23,0
DA:25,0
DA:26,0
DA:27,0
DA:28,0
DA:30,0
DA:34,1
DA:35,0
DA:37,0
DA:39,0
DA:40,0
DA:41,0
DA:42,0
DA:44,0
LF:26
LH:4
BRDA:8,1,0,0
BRDA:8,1,1,0
BRDA:8,2,0,0
BRDA:8,2,1,0
BRDA:12,3,0,0
BRDA:12,3,1,0
BRDA:23,4,0,0
BRDA:23,4,1,0
BRDA:23,5,0,0
BRDA:23,5,1,0
BRDA:26,6,0,0
BRDA:26,6,1,0
BRDA:37,7,0,0
BRDA:37,7,1,0
BRDA:37,8,0,0
BRDA:37,8,1,0
BRDA:37,8,2,0
BRDA:40,9,0,0
BRDA:40,9,1,0
BRF:19
BRH:0
end_of_record
TN:
SF:G:\Janani\Tasks\CCSProject\config\db\documents\ratingdb.js
FN:9,(anonymous_1)
FN:13,(anonymous_2)
FN:30,(anonymous_3)
FN:44,(anonymous_4)
FN:61,(anonymous_5)
FN:68,(anonymous_6)
FNF:6
FNH:0
FNDA:0,(anonymous_1)
FNDA:0,(anonymous_2)
FNDA:0,(anonymous_3)
FNDA:0,(anonymous_4)
FNDA:0,(anonymous_5)
FNDA:0,(anonymous_6)
DA:3,1
DA:4,1
DA:5,1
DA:9,1
DA:11,0
DA:12,0
DA:13,0
DA:14,0
DA:16,0
DA:17,0
DA:21,0
DA:22,0
DA:30,1
DA:32,0
DA:34,0
DA:36,0
DA:37,0
DA:38,0
DA:40,0
DA:41,0
DA:44,0
DA:46,0
DA:48,0
DA:49,0
DA:53,0
DA:54,0
DA:61,1
DA:62,0
DA:63,0
DA:64,0
DA:65,0
DA:66,0
DA:68,0
DA:69,0
DA:71,0
DA:72,0
DA:76,0
DA:77,0
LF:38
LH:6
BRDA:12,1,0,0
BRDA:12,1,1,0
BRDA:12,2,0,0
BRDA:12,2,1,0
BRDA:12,2,2,0
BRDA:14,3,0,0
BRDA:14,3,1,0
BRDA:34,4,0,0
BRDA:34,4,1,0
BRDA:34,5,0,0
BRDA:34,5,1,0
BRDA:38,6,0,0
BRDA:38,6,1,0
BRDA:46,7,0,0
BRDA:46,7,1,0
BRDA:66,8,0,0
BRDA:66,8,1,0
BRDA:66,9,0,0
BRDA:66,9,1,0
BRDA:66,9,2,0
BRDA:69,10,0,0
BRDA:69,10,1,0
BRF:22
BRH:0
end_of_record
TN:
SF:G:\Janani\Tasks\CCSProject\routes\documents.viewDocument.server.routes.js
FN:1,(anonymous_1)
FNF:1
FNH:1
FNDA:1,(anonymous_1)
DA:1,1
DA:3,1
DA:6,1
DA:7,1
DA:8,1
DA:9,1
DA:10,1
DA:11,1
LF:8
LH:8
BRF:0
BRH:0
end_of_record
TN:
SF:G:\Janani\Tasks\CCSProject\controllers\documents.viewDocument.server.controller.js
FN:10,(anonymous_1)
FN:16,(anonymous_2)
FN:26,(anonymous_3)
FN:43,(anonymous_4)
FN:47,(anonymous_5)
FN:60,(anonymous_6)
FN:70,(anonymous_7)
FN:74,(anonymous_8)
FN:83,(anonymous_9)
FN:99,(anonymous_10)
FN:103,(anonymous_11)
FN:114,(anonymous_12)
FN:118,(anonymous_13)
FN:128,(anonymous_14)
FN:134,(anonymous_15)
FN:138,(anonymous_16)
FNF:16
FNH:0
FNDA:0,(anonymous_1)
FNDA:0,(anonymous_2)
FNDA:0,(anonymous_3)
FNDA:0,(anonymous_4)
FNDA:0,(anonymous_5)
FNDA:0,(anonymous_6)
FNDA:0,(anonymous_7)
FNDA:0,(anonymous_8)
FNDA:0,(anonymous_9)
FNDA:0,(anonymous_10)
FNDA:0,(anonymous_11)
FNDA:0,(anonymous_12)
FNDA:0,(anonymous_13)
FNDA:0,(anonymous_14)
FNDA:0,(anonymous_15)
FNDA:0,(anonymous_16)
DA:3,1
DA:10,1
DA:13,0
DA:14,0
DA:16,0
DA:17,0
DA:18,0
DA:22,0
DA:23,0
DA:24,0
DA:25,0
DA:26,0
DA:27,0
DA:29,0
DA:43,1
DA:44,0
DA:46,0
DA:47,0
DA:48,0
DA:49,0
DA:52,0
DA:60,1
DA:62,0
DA:64,0
DA:66,0
DA:67,0
DA:70,0
DA:71,0
DA:72,0
DA:73,0
DA:74,0
DA:75,0
DA:76,0
DA:83,0
DA:84,0
DA:85,0
DA:87,0
DA:99,1
DA:100,0
DA:101,0
DA:103,0
DA:104,0
DA:105,0
DA:107,0
DA:114,1
DA:115,0
DA:116,0
DA:118,0
DA:119,0
DA:120,0
DA:122,0
DA:128,1
DA:129,0
DA:130,0
DA:134,1
DA:136,0
DA:137,0
DA:138,0
DA:139,0
DA:141,0
LF:60
LH:8
BRDA:17,1,0,0
BRDA:17,1,1,0
BRDA:46,2,0,0
BRDA:46,2,1,0
BRDA:46,3,0,0
BRDA:46,3,1,0
BRDA:46,3,2,0
BRDA:48,4,0,0
BRDA:48,4,1,0
BRDA:64,5,0,0
BRDA:64,5,1,0
BRDA:64,6,0,0
BRDA:64,6,1,0
BRDA:64,6,2,0
BRDA:71,7,0,0
BRDA:71,7,1,0
BRDA:75,8,0,0
BRDA:75,8,1,0
BRDA:84,9,0,0
BRDA:84,9,1,0
BRDA:101,10,0,0
BRDA:101,10,1,0
BRDA:101,11,0,0
BRDA:101,11,1,0
BRDA:101,11,2,0
BRDA:104,12,0,0
BRDA:104,12,1,0
BRDA:116,13,0,0
BRDA:116,13,1,0
BRDA:116,14,0,0
BRDA:116,14,1,0
BRDA:116,14,2,0
BRDA:119,15,0,0
BRDA:119,15,1,0
BRDA:137,16,0,0
BRDA:137,16,1,0
BRDA:137,17,0,0
BRDA:137,17,1,0
BRDA:137,17,2,0
BRDA:139,18,0,0
BRDA:139,18,1,0
BRF:41
BRH:0
end_of_record
TN:
SF:G:\Janani\Tasks\CCSProject\routes\project.projectReg.server.route.js
FN:1,(anonymous_1)
FNF:1
FNH:1
FNDA:1,(anonymous_1)
DA:1,1
DA:2,1
DA:3,1
DA:4,1
DA:5,1
DA:6,1
LF:6
LH:6
BRF:0
BRH:0
end_of_record
TN:
SF:G:\Janani\Tasks\CCSProject\controllers\project.projectReg.server.controller.js
FN:7,(anonymous_1)
FN:11,(anonymous_2)
FN:12,(anonymous_3)
FN:22,(anonymous_4)
FN:24,(anonymous_5)
FN:34,(anonymous_6)
FN:36,(anonymous_7)
FN:47,(anonymous_8)
FN:49,(anonymous_9)
FNF:9
FNH:0
FNDA:0,(anonymous_1)
FNDA:0,(anonymous_2)
FNDA:0,(anonymous_3)
FNDA:0,(anonymous_4)
FNDA:0,(anonymous_5)
FNDA:0,(anonymous_6)
FNDA:0,(anonymous_7)
FNDA:0,(anonymous_8)
FNDA:0,(anonymous_9)
DA:2,1
DA:3,1
DA:4,1
DA:5,1
DA:6,1
DA:7,1
DA:8,0
DA:11,1
DA:12,0
DA:13,0
DA:14,0
DA:17,0
DA:22,1
DA:23,0
DA:24,0
DA:25,0
DA:26,0
DA:29,0
DA:34,1
DA:35,0
DA:36,0
DA:37,0
DA:38,0
DA:39,0
DA:42,0
DA:47,1
DA:48,0
DA:49,0
DA:50,0
DA:51,0
DA:54,0
LF:31
LH:10
BRDA:13,1,0,0
BRDA:13,1,1,0
BRDA:25,2,0,0
BRDA:25,2,1,0
BRDA:38,3,0,0
BRDA:38,3,1,0
BRDA:50,4,0,0
BRDA:50,4,1,0
BRF:8
BRH:0
end_of_record
TN:
SF:G:\Janani\Tasks\CCSProject\config\db\projectRegManager.js
FN:1,(anonymous_1)
FN:2,(anonymous_2)
FN:6,(anonymous_3)
FN:18,(anonymous_4)
FN:22,(anonymous_5)
FN:35,(anonymous_6)
FN:39,(anonymous_7)
FN:53,(anonymous_8)
FN:57,(anonymous_9)
FNF:9
FNH:1
FNDA:1,(anonymous_1)
FNDA:0,(anonymous_2)
FNDA:0,(anonymous_3)
FNDA:0,(anonymous_4)
FNDA:0,(anonymous_5)
FNDA:0,(anonymous_6)
FNDA:0,(anonymous_7)
FNDA:0,(anonymous_8)
FNDA:0,(anonymous_9)
DA:1,1
DA:2,1
DA:3,0
DA:4,0
DA:5,0
DA:6,0
DA:7,0
DA:8,0
DA:9,0
DA:12,0
DA:13,0
DA:18,1
DA:19,0
DA:20,0
DA:21,0
DA:22,0
DA:23,0
DA:25,0
DA:26,0
DA:30,0
DA:31,0
DA:35,1
DA:36,0
DA:37,0
DA:38,0
DA:39,0
DA:40,0
DA:42,0
DA:43,0
DA:47,0
DA:48,0
DA:53,1
DA:54,0
DA:55,0
DA:56,0
DA:57,0
DA:58,0
DA:60,0
DA:61,0
DA:65,0
DA:66,0
LF:41
LH:5
BRDA:7,1,0,0
BRDA:7,1,1,0
BRDA:23,2,0,0
BRDA:23,2,1,0
BRDA:40,3,0,0
BRDA:40,3,1,0
BRDA:56,4,0,0
BRDA:56,4,1,0
BRDA:58,5,0,0
BRDA:58,5,1,0
BRF:10
BRH:0
end_of_record
TN:
SF:G:\Janani\Tasks\CCSProject\routes\security.server.routes.js
FN:2,(anonymous_1)
FNF:1
FNH:1
FNDA:1,(anonymous_1)
DA:2,1
DA:3,1
DA:5,1
LF:3
LH:3
BRF:0
BRH:0
end_of_record
TN:
SF:G:\Janani\Tasks\CCSProject\controllers\security.server.controller.js
FN:4,(anonymous_1)
FNF:1
FNH:1
FNDA:1,(anonymous_1)
DA:4,1
DA:5,1
DA:6,1
DA:8,0
LF:4
LH:3
BRDA:5,1,0,1
BRDA:5,1,1,0
BRDA:5,2,0,1
BRDA:5,2,1,1
BRF:4
BRH:3
end_of_record
TN:
SF:G:\Janani\Tasks\CCSProject\routes\layout.server.routes.js
FN:1,(anonymous_1)
FNF:1
FNH:1
FNDA:1,(anonymous_1)
DA:1,1
DA:2,1
DA:4,1
LF:3
LH:3
BRF:0
BRH:0
end_of_record
TN:
SF:G:\Janani\Tasks\CCSProject\controllers\layout.server.controller.js
FN:2,(anonymous_1)
FNF:1
FNH:1
FNDA:1,(anonymous_1)
DA:2,1
DA:3,1
LF:2
LH:2
BRF:0
BRH:0
end_of_record
